#
# A fatal error has been detected by the Java Runtime Environment:
#
#  EXCEPTION_ACCESS_VIOLATION (0xc0000005) at pc=0x0000000000000000, pid=10844, tid=9352
#
# JRE version: Java(TM) SE Runtime Environment (15.0.1+9) (build 15.0.1+9-18)
# Java VM: Java HotSpot(TM) 64-Bit Server VM (15.0.1+9-18, mixed mode, sharing, tiered, compressed oops, g1 gc, windows-amd64)
# Problematic frame:
# C  0x0000000000000000
#
# No core dump will be written. Minidumps are not enabled by default on client versions of Windows
#
# If you would like to submit a bug report, please visit:
#   https://bugreport.java.com/bugreport/crash.jsp
# The crash happened outside the Java Virtual Machine in native code.
# See problematic frame for where to report the bug.
#

---------------  S U M M A R Y ------------

Command Line: -Dfile.encoding=Cp1252 -XX:+ShowCodeDetailsInExceptionMessages main.Main

Host: AMD Ryzen 5 2600 Six-Core Processor            , 12 cores, 15G,  Windows 10 , 64 bit Build 19041 (10.0.19041.662)
Time: Tue Jan  5 23:03:02 2021 Mitteleuropäische Zeit elapsed time: 7.219329 seconds (0d 0h 0m 7s)

---------------  T H R E A D  ---------------

Current thread (0x000002390f41b500):  JavaThread "AWT-Windows" daemon [_thread_in_native, id=9352, stack(0x0000008171d00000,0x0000008171e00000)]

Stack: [0x0000008171d00000,0x0000008171e00000],  sp=0x0000008171dfe738,  free space=1017k
Native frames: (J=compiled Java code, j=interpreted, Vv=VM code, C=native code)

Java frames: (J=compiled Java code, j=interpreted, Vv=VM code)
j  sun.awt.windows.WToolkit.eventLoop()V+0 java.desktop@15.0.1
j  sun.awt.windows.WToolkit.run()V+50 java.desktop@15.0.1
j  java.lang.Thread.run()V+11 java.base@15.0.1
v  ~StubRoutines::call_stub

siginfo: EXCEPTION_ACCESS_VIOLATION (0xc0000005), data execution prevention violation at address 0x0000000000000000


Register to memory mapping:

RIP=0x0 is NULL
RAX=0x0 is NULL
RBX=0x0000023916dc9fb0 points into unknown readable memory: 0x0000023916dc14f0 | f0 14 dc 16 39 02 00 00
RCX=0x0 is NULL
RDX=0x0000023916dc14f0 points into unknown readable memory: 0x0000023973655243 | 43 52 65 73 39 02 00 00
RSP=0x0000008171dfe738 is pointing into the stack for thread: 0x000002390f41b500
RBP=0x00007ffc9254c7e0 awt.dll
RSI=0x0 is NULL
RDI=0x000002390f9480d0 points into unknown readable memory: 0x0000023939c94ee0 | e0 4e c9 39 39 02 00 00
R8 =0x0000023916dc9fb0 points into unknown readable memory: 0x0000023916dc14f0 | f0 14 dc 16 39 02 00 00
R9 =0x0000000000000001 is an unknown value
R10=0x0000000000008000 is an unknown value
R11=0x0000008171dfe900 is pointing into the stack for thread: 0x000002390f41b500
R12=0x0 is NULL
R13={method} {0x000002397f68d740} 'eventLoop' '()V' in 'sun/awt/windows/WToolkit'
R14=0x0000008171dfebe8 is pointing into the stack for thread: 0x000002390f41b500
R15=0x000002390f41b500 is a thread


Registers:
RAX=0x0000000000000000, RBX=0x0000023916dc9fb0, RCX=0x0000000000000000, RDX=0x0000023916dc14f0
RSP=0x0000008171dfe738, RBP=0x00007ffc9254c7e0, RSI=0x0000000000000000, RDI=0x000002390f9480d0
R8 =0x0000023916dc9fb0, R9 =0x0000000000000001, R10=0x0000000000008000, R11=0x0000008171dfe900
R12=0x0000000000000000, R13=0x000002397f68d738, R14=0x0000008171dfebe8, R15=0x000002390f41b500
RIP=0x0000000000000000, EFLAGS=0x0000000000010206

Top of Stack: (sp=0x0000008171dfe738)
0x0000008171dfe738:   00007ffd09f80c58 000002397f890600
0x0000008171dfe748:   0000000000000000 000000009d2e0101
0x0000008171dfe758:   000002390f41b500 000002390f9480d0
0x0000008171dfe768:   00007ffd09f80b87 0000023916dc9fb0
0x0000008171dfe778:   0000023900000001 0000000000000000
0x0000008171dfe788:   000002390f41b500 0000023916fd71a0
0x0000008171dfe798:   00007ffd09f5ed2e 0000023916d8efe0
0x0000008171dfe7a8:   000002393bf38430 000002390f924050
0x0000008171dfe7b8:   000002390f44f480 000002390f9480d0
0x0000008171dfe7c8:   0000023916dc9fb0 000002390f41b500
0x0000008171dfe7d8:   00007ffd182e95f1 0000000000000000
0x0000008171dfe7e8:   00007ffd09f5ec4b 000002390f44f480
0x0000008171dfe7f8:   0000000000000000 fffffffffffffffe
0x0000008171dfe808:   fffffffffffffffe 0000008171dfebe8
0x0000008171dfe818:   00007ffd09f5ebb0 0000000000000001
0x0000008171dfe828:   0000000000000001 0000023916d8efe0 

Instructions: (pc=0x0000000000000000)
0xffffffffffffff00:   


Stack slot to memory mapping:
stack at sp + 0 slots: 0x00007ffd09f80c58 d3d9.dll
stack at sp + 1 slots: 0x000002397f890600 is pointing into metadata
stack at sp + 2 slots: 0x0 is NULL
stack at sp + 3 slots: 0x000000009d2e0101 is an unknown value
stack at sp + 4 slots: 0x000002390f41b500 is a thread
stack at sp + 5 slots: 0x000002390f9480d0 points into unknown readable memory: 0x0000023939c94ee0 | e0 4e c9 39 39 02 00 00
stack at sp + 6 slots: 0x00007ffd09f80b87 d3d9.dll
stack at sp + 7 slots: 0x0000023916dc9fb0 points into unknown readable memory: 0x0000023916dc14f0 | f0 14 dc 16 39 02 00 00


---------------  P R O C E S S  ---------------

Threads class SMR info:
_java_thread_list=0x0000023917054920, length=17, elements={
0x000002397f4e90e0, 0x000002397f4e9cb0, 0x000002390f013500, 0x000002390f015fc0,
0x000002390f016a70, 0x000002390f01c210, 0x000002390f01ddc0, 0x000002390f028fb0,
0x000002390f156760, 0x000002390f158f50, 0x000002390f3ebf90, 0x000002390f3ec460,
0x000002390f41b500, 0x000002390fbe41b0, 0x00000239162ee200, 0x0000023968970140,
0x000002390f729ec0
}

Java Threads: ( => current thread )
  0x000002397f4e90e0 JavaThread "Reference Handler" daemon [_thread_blocked, id=3612, stack(0x0000008171000000,0x0000008171100000)]
  0x000002397f4e9cb0 JavaThread "Finalizer" daemon [_thread_blocked, id=16976, stack(0x0000008171100000,0x0000008171200000)]
  0x000002390f013500 JavaThread "Signal Dispatcher" daemon [_thread_blocked, id=16472, stack(0x0000008171200000,0x0000008171300000)]
  0x000002390f015fc0 JavaThread "Attach Listener" daemon [_thread_blocked, id=14604, stack(0x0000008171300000,0x0000008171400000)]
  0x000002390f016a70 JavaThread "Service Thread" daemon [_thread_blocked, id=19608, stack(0x0000008171400000,0x0000008171500000)]
  0x000002390f01c210 JavaThread "C2 CompilerThread0" daemon [_thread_blocked, id=11556, stack(0x0000008171500000,0x0000008171600000)]
  0x000002390f01ddc0 JavaThread "C1 CompilerThread0" daemon [_thread_blocked, id=1984, stack(0x0000008171600000,0x0000008171700000)]
  0x000002390f028fb0 JavaThread "Sweeper thread" daemon [_thread_blocked, id=10604, stack(0x0000008171700000,0x0000008171800000)]
  0x000002390f156760 JavaThread "Notification Thread" daemon [_thread_blocked, id=1400, stack(0x0000008171800000,0x0000008171900000)]
  0x000002390f158f50 JavaThread "Common-Cleaner" daemon [_thread_blocked, id=16792, stack(0x0000008171a00000,0x0000008171b00000)]
  0x000002390f3ebf90 JavaThread "Java2D Disposer" daemon [_thread_blocked, id=9588, stack(0x0000008171b00000,0x0000008171c00000)]
  0x000002390f3ec460 JavaThread "AWT-Shutdown" [_thread_blocked, id=19180, stack(0x0000008171c00000,0x0000008171d00000)]
=>0x000002390f41b500 JavaThread "AWT-Windows" daemon [_thread_in_native, id=9352, stack(0x0000008171d00000,0x0000008171e00000)]
  0x000002390fbe41b0 JavaThread "AWT-EventQueue-0" [_thread_blocked, id=13540, stack(0x00000081720e0000,0x00000081721e0000)]
  0x00000239162ee200 JavaThread "Thread-0" [_thread_in_native, id=19424, stack(0x00000081721e0000,0x00000081722e0000)]
  0x0000023968970140 JavaThread "DestroyJavaVM" [_thread_blocked, id=820, stack(0x0000008170900000,0x0000008170a00000)]
  0x000002390f729ec0 JavaThread "ToolkitShutdown" daemon [_thread_in_native, id=9280, stack(0x0000008173060000,0x0000008173160000)]

Other Threads:
  0x000002397f4e3840 VMThread "VM Thread" [stack: 0x0000008170f00000,0x0000008171000000] [id=19944]
  0x000002390f156c30 WatcherThread [stack: 0x0000008171900000,0x0000008171a00000] [id=13448]
  0x00000239689c23d0 GCTaskThread "GC Thread#0" [stack: 0x0000008170a00000,0x0000008170b00000] [id=19700]
  0x00000239164dbb00 GCTaskThread "GC Thread#1" [stack: 0x00000081723e0000,0x00000081724e0000] [id=14708]
  0x00000239164dc490 GCTaskThread "GC Thread#2" [stack: 0x00000081724e0000,0x00000081725e0000] [id=18816]
  0x00000239164dbe30 GCTaskThread "GC Thread#3" [stack: 0x00000081725e0000,0x00000081726e0000] [id=19992]
  0x00000239164dcaf0 GCTaskThread "GC Thread#4" [stack: 0x00000081726e0000,0x00000081727e0000] [id=16732]
  0x00000239164de140 GCTaskThread "GC Thread#5" [stack: 0x00000081727e0000,0x00000081728e0000] [id=16232]
  0x00000239164dde10 GCTaskThread "GC Thread#6" [stack: 0x00000081728e0000,0x00000081729e0000] [id=10628]
  0x00000239164dd150 GCTaskThread "GC Thread#7" [stack: 0x00000081729e0000,0x0000008172ae0000] [id=1344]
  0x00000239164dd480 GCTaskThread "GC Thread#8" [stack: 0x00000081722e0000,0x00000081723e0000] [id=9800]
  0x00000239164de7a0 GCTaskThread "GC Thread#9" [stack: 0x0000008172ae0000,0x0000008172be0000] [id=3132]
  0x00000239689d3c00 ConcurrentGCThread "G1 Main Marker" [stack: 0x0000008170b00000,0x0000008170c00000] [id=12980]
  0x00000239689d47f0 ConcurrentGCThread "G1 Conc#0" [stack: 0x0000008170c00000,0x0000008170d00000] [id=14568]
  0x00000239164dc160 ConcurrentGCThread "G1 Conc#1" [stack: 0x0000008172be0000,0x0000008172ce0000] [id=15380]
  0x00000239164de470 ConcurrentGCThread "G1 Conc#2" [stack: 0x0000008172ce0000,0x0000008172de0000] [id=20060]
  0x0000023968a4d5a0 ConcurrentGCThread "G1 Refine#0" [stack: 0x0000008170d00000,0x0000008170e00000] [id=10084]
  0x0000023968a4e040 ConcurrentGCThread "G1 Young RemSet Sampling" [stack: 0x0000008170e00000,0x0000008170f00000] [id=8036]

Threads with active compile tasks:

VM state: not at safepoint (normal execution)

VM Mutex/Monitor currently owned by a thread: None

Heap address: 0x0000000700c00000, size: 4084 MB, Compressed Oops mode: Zero based, Oop shift amount: 3
CDS archive(s) mapped at: [0x0000000800000000-0x0000000800b50000-0x0000000800b50000), size 11862016, SharedBaseAddress: 0x0000000800000000, ArchiveRelocationMode: 0.
Compressed class space mapped at: 0x0000000800b50000-0x0000000840b50000, size: 1073741824
Narrow klass base: 0x0000000800000000, Narrow klass shift: 3, Narrow klass range: 0x100000000

GC Precious Log:
 CPUs: 12 total, 12 available
 Memory: 16333M
 Large Page Support: Disabled
 NUMA Support: Disabled
 Compressed Oops: Enabled (Zero based)
 Heap Region Size: 2M
 Heap Min Capacity: 8M
 Heap Initial Capacity: 256M
 Heap Max Capacity: 4084M
 Pre-touch: Disabled
 Parallel Workers: 10
 Concurrent Workers: 3
 Concurrent Refinement Workers: 10
 Periodic GC: Disabled

Heap:
 garbage-first heap   total 669696K, used 271620K [0x0000000700c00000, 0x0000000800000000)
  region size 2048K, 18 young (36864K), 1 survivors (2048K)
 Metaspace       used 9387K, capacity 9612K, committed 9728K, reserved 1058816K
  class space    used 903K, capacity 961K, committed 1024K, reserved 1048576K

Heap Regions: E=young(eden), S=young(survivor), O=old, HS=humongous(starts), HC=humongous(continues), CS=collection set, F=free, OA=open archive, CA=closed archive, TAMS=top-at-mark-start (previous, next)
|   0|0x0000000700c00000, 0x0000000700e00000, 0x0000000700e00000|100%|HS|  |TAMS 0x0000000700e00000, 0x0000000700c00000| Complete 
|   1|0x0000000700e00000, 0x0000000701000000, 0x0000000701000000|100%|HS|  |TAMS 0x0000000701000000, 0x0000000700e00000| Complete 
|   2|0x0000000701000000, 0x0000000701200000, 0x0000000701200000|100%|HC|  |TAMS 0x0000000701200000, 0x0000000701000000| Complete 
|   3|0x0000000701200000, 0x0000000701400000, 0x0000000701400000|100%|HS|  |TAMS 0x0000000701400000, 0x0000000701200000| Complete 
|   4|0x0000000701400000, 0x0000000701600000, 0x0000000701600000|100%|HC|  |TAMS 0x0000000701600000, 0x0000000701400000| Complete 
|   5|0x0000000701600000, 0x0000000701800000, 0x0000000701800000|100%|HC|  |TAMS 0x0000000701800000, 0x0000000701600000| Complete 
|   6|0x0000000701800000, 0x0000000701a00000, 0x0000000701a00000|100%|HC|  |TAMS 0x0000000701a00000, 0x0000000701800000| Complete 
|   7|0x0000000701a00000, 0x0000000701c00000, 0x0000000701c00000|100%|HS|  |TAMS 0x0000000701c00000, 0x0000000701a00000| Complete 
|   8|0x0000000701c00000, 0x0000000701e00000, 0x0000000701e00000|100%|HS|  |TAMS 0x0000000701e00000, 0x0000000701c00000| Untracked 
|   9|0x0000000701e00000, 0x0000000702000000, 0x0000000702000000|100%| O|  |TAMS 0x0000000702000000, 0x0000000701e00000| Untracked 
|  10|0x0000000702000000, 0x0000000702200000, 0x0000000702200000|100%| O|  |TAMS 0x0000000702126000, 0x0000000702000000| Untracked 
|  11|0x0000000702200000, 0x0000000702400000, 0x0000000702400000|100%|HS|  |TAMS 0x0000000702200000, 0x0000000702200000| Complete 
|  12|0x0000000702400000, 0x0000000702600000, 0x0000000702600000|100%|HC|  |TAMS 0x0000000702400000, 0x0000000702400000| Complete 
|  13|0x0000000702600000, 0x0000000702800000, 0x0000000702800000|100%|HS|  |TAMS 0x0000000702600000, 0x0000000702600000| Complete 
|  14|0x0000000702800000, 0x0000000702a00000, 0x0000000702a00000|100%|HC|  |TAMS 0x0000000702800000, 0x0000000702800000| Complete 
|  15|0x0000000702a00000, 0x0000000702c00000, 0x0000000702c00000|100%|HS|  |TAMS 0x0000000702a00000, 0x0000000702a00000| Complete 
|  16|0x0000000702c00000, 0x0000000702e00000, 0x0000000702e00000|100%|HC|  |TAMS 0x0000000702c00000, 0x0000000702c00000| Complete 
|  17|0x0000000702e00000, 0x0000000703000000, 0x0000000703000000|100%|HS|  |TAMS 0x0000000702e00000, 0x0000000702e00000| Complete 
|  18|0x0000000703000000, 0x0000000703200000, 0x0000000703200000|100%|HC|  |TAMS 0x0000000703000000, 0x0000000703000000| Complete 
|  19|0x0000000703200000, 0x0000000703400000, 0x0000000703400000|100%|HS|  |TAMS 0x0000000703200000, 0x0000000703200000| Complete 
|  20|0x0000000703400000, 0x0000000703600000, 0x0000000703600000|100%|HC|  |TAMS 0x0000000703400000, 0x0000000703400000| Complete 
|  21|0x0000000703600000, 0x0000000703800000, 0x0000000703800000|100%|HS|  |TAMS 0x0000000703600000, 0x0000000703600000| Complete 
|  22|0x0000000703800000, 0x0000000703a00000, 0x0000000703a00000|100%|HC|  |TAMS 0x0000000703800000, 0x0000000703800000| Complete 
|  23|0x0000000703a00000, 0x0000000703c00000, 0x0000000703c00000|100%|HS|  |TAMS 0x0000000703a00000, 0x0000000703a00000| Complete 
|  24|0x0000000703c00000, 0x0000000703e00000, 0x0000000703e00000|100%|HC|  |TAMS 0x0000000703c00000, 0x0000000703c00000| Complete 
|  25|0x0000000703e00000, 0x0000000704000000, 0x0000000704000000|100%|HC|  |TAMS 0x0000000703e00000, 0x0000000703e00000| Complete 
|  26|0x0000000704000000, 0x0000000704200000, 0x0000000704200000|100%|HC|  |TAMS 0x0000000704000000, 0x0000000704000000| Complete 
|  27|0x0000000704200000, 0x0000000704400000, 0x0000000704400000|100%|HC|  |TAMS 0x0000000704200000, 0x0000000704200000| Complete 
|  28|0x0000000704400000, 0x0000000704600000, 0x0000000704600000|100%|HS|  |TAMS 0x0000000704400000, 0x0000000704400000| Complete 
|  29|0x0000000704600000, 0x0000000704800000, 0x0000000704800000|100%|HS|  |TAMS 0x0000000704600000, 0x0000000704600000| Complete 
|  30|0x0000000704800000, 0x0000000704a00000, 0x0000000704a00000|100%|HS|  |TAMS 0x0000000704800000, 0x0000000704800000| Complete 
|  31|0x0000000704a00000, 0x0000000704c00000, 0x0000000704c00000|100%|HS|  |TAMS 0x0000000704a00000, 0x0000000704a00000| Complete 
|  32|0x0000000704c00000, 0x0000000704e00000, 0x0000000704e00000|100%|HC|  |TAMS 0x0000000704c00000, 0x0000000704c00000| Complete 
|  33|0x0000000704e00000, 0x0000000705000000, 0x0000000705000000|100%|HC|  |TAMS 0x0000000704e00000, 0x0000000704e00000| Complete 
|  34|0x0000000705000000, 0x0000000705200000, 0x0000000705200000|100%|HC|  |TAMS 0x0000000705000000, 0x0000000705000000| Complete 
|  35|0x0000000705200000, 0x0000000705400000, 0x0000000705400000|100%|HC|  |TAMS 0x0000000705200000, 0x0000000705200000| Complete 
|  36|0x0000000705400000, 0x0000000705400000, 0x0000000705600000|  0%| F|  |TAMS 0x0000000705400000, 0x0000000705400000| Untracked 
|  37|0x0000000705600000, 0x0000000705600000, 0x0000000705800000|  0%| F|  |TAMS 0x0000000705600000, 0x0000000705600000| Untracked 
|  38|0x0000000705800000, 0x0000000705800000, 0x0000000705a00000|  0%| F|  |TAMS 0x0000000705800000, 0x0000000705800000| Untracked 
|  39|0x0000000705a00000, 0x0000000705a00000, 0x0000000705c00000|  0%| F|  |TAMS 0x0000000705a00000, 0x0000000705a00000| Untracked 
|  40|0x0000000705c00000, 0x0000000705c00000, 0x0000000705e00000|  0%| F|  |TAMS 0x0000000705c00000, 0x0000000705c00000| Untracked 
|  41|0x0000000705e00000, 0x0000000705e00000, 0x0000000706000000|  0%| F|  |TAMS 0x0000000705e00000, 0x0000000705e00000| Untracked 
|  42|0x0000000706000000, 0x0000000706000000, 0x0000000706200000|  0%| F|  |TAMS 0x0000000706000000, 0x0000000706000000| Untracked 
|  43|0x0000000706200000, 0x0000000706200000, 0x0000000706400000|  0%| F|  |TAMS 0x0000000706200000, 0x0000000706200000| Untracked 
|  44|0x0000000706400000, 0x0000000706400000, 0x0000000706600000|  0%| F|  |TAMS 0x0000000706400000, 0x0000000706400000| Untracked 
|  45|0x0000000706600000, 0x0000000706600000, 0x0000000706800000|  0%| F|  |TAMS 0x0000000706600000, 0x0000000706600000| Untracked 
|  46|0x0000000706800000, 0x0000000706800000, 0x0000000706a00000|  0%| F|  |TAMS 0x0000000706800000, 0x0000000706800000| Untracked 
|  47|0x0000000706a00000, 0x0000000706a00000, 0x0000000706c00000|  0%| F|  |TAMS 0x0000000706a00000, 0x0000000706a00000| Untracked 
|  48|0x0000000706c00000, 0x0000000706c00000, 0x0000000706e00000|  0%| F|  |TAMS 0x0000000706c00000, 0x0000000706c00000| Untracked 
|  49|0x0000000706e00000, 0x0000000706e00000, 0x0000000707000000|  0%| F|  |TAMS 0x0000000706e00000, 0x0000000706e00000| Untracked 
|  50|0x0000000707000000, 0x0000000707000000, 0x0000000707200000|  0%| F|  |TAMS 0x0000000707000000, 0x0000000707000000| Untracked 
|  51|0x0000000707200000, 0x0000000707200000, 0x0000000707400000|  0%| F|  |TAMS 0x0000000707200000, 0x0000000707200000| Untracked 
|  52|0x0000000707400000, 0x0000000707400000, 0x0000000707600000|  0%| F|  |TAMS 0x0000000707400000, 0x0000000707400000| Untracked 
|  53|0x0000000707600000, 0x0000000707600000, 0x0000000707800000|  0%| F|  |TAMS 0x0000000707600000, 0x0000000707600000| Untracked 
|  54|0x0000000707800000, 0x0000000707800000, 0x0000000707a00000|  0%| F|  |TAMS 0x0000000707800000, 0x0000000707800000| Untracked 
|  55|0x0000000707a00000, 0x0000000707a00000, 0x0000000707c00000|  0%| F|  |TAMS 0x0000000707a00000, 0x0000000707a00000| Untracked 
|  56|0x0000000707c00000, 0x0000000707c00000, 0x0000000707e00000|  0%| F|  |TAMS 0x0000000707c00000, 0x0000000707c00000| Untracked 
|  57|0x0000000707e00000, 0x0000000707e00000, 0x0000000708000000|  0%| F|  |TAMS 0x0000000707e00000, 0x0000000707e00000| Untracked 
|  58|0x0000000708000000, 0x0000000708000000, 0x0000000708200000|  0%| F|  |TAMS 0x0000000708000000, 0x0000000708000000| Untracked 
|  59|0x0000000708200000, 0x0000000708200000, 0x0000000708400000|  0%| F|  |TAMS 0x0000000708200000, 0x0000000708200000| Untracked 
|  60|0x0000000708400000, 0x0000000708400000, 0x0000000708600000|  0%| F|  |TAMS 0x0000000708400000, 0x0000000708400000| Untracked 
|  61|0x0000000708600000, 0x0000000708600000, 0x0000000708800000|  0%| F|  |TAMS 0x0000000708600000, 0x0000000708600000| Untracked 
|  62|0x0000000708800000, 0x0000000708800000, 0x0000000708a00000|  0%| F|  |TAMS 0x0000000708800000, 0x0000000708800000| Untracked 
|  63|0x0000000708a00000, 0x0000000708a00000, 0x0000000708c00000|  0%| F|  |TAMS 0x0000000708a00000, 0x0000000708a00000| Untracked 
|  64|0x0000000708c00000, 0x0000000708c00000, 0x0000000708e00000|  0%| F|  |TAMS 0x0000000708c00000, 0x0000000708c00000| Untracked 
|  65|0x0000000708e00000, 0x0000000708e00000, 0x0000000709000000|  0%| F|  |TAMS 0x0000000708e00000, 0x0000000708e00000| Untracked 
|  66|0x0000000709000000, 0x0000000709000000, 0x0000000709200000|  0%| F|  |TAMS 0x0000000709000000, 0x0000000709000000| Untracked 
|  67|0x0000000709200000, 0x0000000709200000, 0x0000000709400000|  0%| F|  |TAMS 0x0000000709200000, 0x0000000709200000| Untracked 
|  68|0x0000000709400000, 0x0000000709400000, 0x0000000709600000|  0%| F|  |TAMS 0x0000000709400000, 0x0000000709400000| Untracked 
|  69|0x0000000709600000, 0x0000000709600000, 0x0000000709800000|  0%| F|  |TAMS 0x0000000709600000, 0x0000000709600000| Untracked 
|  70|0x0000000709800000, 0x0000000709800000, 0x0000000709a00000|  0%| F|  |TAMS 0x0000000709800000, 0x0000000709800000| Untracked 
|  71|0x0000000709a00000, 0x0000000709a00000, 0x0000000709c00000|  0%| F|  |TAMS 0x0000000709a00000, 0x0000000709a00000| Untracked 
|  72|0x0000000709c00000, 0x0000000709c00000, 0x0000000709e00000|  0%| F|  |TAMS 0x0000000709c00000, 0x0000000709c00000| Untracked 
|  73|0x0000000709e00000, 0x0000000709e00000, 0x000000070a000000|  0%| F|  |TAMS 0x0000000709e00000, 0x0000000709e00000| Untracked 
|  74|0x000000070a000000, 0x000000070a000000, 0x000000070a200000|  0%| F|  |TAMS 0x000000070a000000, 0x000000070a000000| Untracked 
|  75|0x000000070a200000, 0x000000070a200000, 0x000000070a400000|  0%| F|  |TAMS 0x000000070a200000, 0x000000070a200000| Untracked 
|  76|0x000000070a400000, 0x000000070a400000, 0x000000070a600000|  0%| F|  |TAMS 0x000000070a400000, 0x000000070a400000| Untracked 
|  77|0x000000070a600000, 0x000000070a600000, 0x000000070a800000|  0%| F|  |TAMS 0x000000070a600000, 0x000000070a600000| Untracked 
|  78|0x000000070a800000, 0x000000070a800000, 0x000000070aa00000|  0%| F|  |TAMS 0x000000070a800000, 0x000000070a800000| Untracked 
|  79|0x000000070aa00000, 0x000000070aa00000, 0x000000070ac00000|  0%| F|  |TAMS 0x000000070aa00000, 0x000000070aa00000| Untracked 
|  80|0x000000070ac00000, 0x000000070ac00000, 0x000000070ae00000|  0%| F|  |TAMS 0x000000070ac00000, 0x000000070ac00000| Untracked 
|  81|0x000000070ae00000, 0x000000070ae00000, 0x000000070b000000|  0%| F|  |TAMS 0x000000070ae00000, 0x000000070ae00000| Untracked 
|  82|0x000000070b000000, 0x000000070b000000, 0x000000070b200000|  0%| F|  |TAMS 0x000000070b000000, 0x000000070b000000| Untracked 
|  83|0x000000070b200000, 0x000000070b200000, 0x000000070b400000|  0%| F|  |TAMS 0x000000070b200000, 0x000000070b200000| Untracked 
|  84|0x000000070b400000, 0x000000070b400000, 0x000000070b600000|  0%| F|  |TAMS 0x000000070b400000, 0x000000070b400000| Untracked 
|  85|0x000000070b600000, 0x000000070b600000, 0x000000070b800000|  0%| F|  |TAMS 0x000000070b600000, 0x000000070b600000| Untracked 
|  86|0x000000070b800000, 0x000000070b800000, 0x000000070ba00000|  0%| F|  |TAMS 0x000000070b800000, 0x000000070b800000| Untracked 
|  87|0x000000070ba00000, 0x000000070ba00000, 0x000000070bc00000|  0%| F|  |TAMS 0x000000070ba00000, 0x000000070ba00000| Untracked 
|  88|0x000000070bc00000, 0x000000070bc00000, 0x000000070be00000|  0%| F|  |TAMS 0x000000070bc00000, 0x000000070bc00000| Untracked 
|  89|0x000000070be00000, 0x000000070be00000, 0x000000070c000000|  0%| F|  |TAMS 0x000000070be00000, 0x000000070be00000| Untracked 
|  90|0x000000070c000000, 0x000000070c200000, 0x000000070c200000|100%| O|  |TAMS 0x000000070c000000, 0x000000070c000000| Untracked 
|  91|0x000000070c200000, 0x000000070c201a00, 0x000000070c400000|  0%| O|  |TAMS 0x000000070c200000, 0x000000070c200000| Untracked 
|  92|0x000000070c400000, 0x000000070c400000, 0x000000070c600000|  0%| F|  |TAMS 0x000000070c400000, 0x000000070c400000| Untracked 
|  93|0x000000070c600000, 0x000000070c600000, 0x000000070c800000|  0%| F|  |TAMS 0x000000070c600000, 0x000000070c600000| Untracked 
|  94|0x000000070c800000, 0x000000070c800000, 0x000000070ca00000|  0%| F|  |TAMS 0x000000070c800000, 0x000000070c800000| Untracked 
|  95|0x000000070ca00000, 0x000000070ca00000, 0x000000070cc00000|  0%| F|  |TAMS 0x000000070ca00000, 0x000000070ca00000| Untracked 
|  96|0x000000070cc00000, 0x000000070cc00000, 0x000000070ce00000|  0%| F|  |TAMS 0x000000070cc00000, 0x000000070cc00000| Untracked 
|  97|0x000000070ce00000, 0x000000070ce00000, 0x000000070d000000|  0%| F|  |TAMS 0x000000070ce00000, 0x000000070ce00000| Untracked 
|  98|0x000000070d000000, 0x000000070d000000, 0x000000070d200000|  0%| F|  |TAMS 0x000000070d000000, 0x000000070d000000| Untracked 
|  99|0x000000070d200000, 0x000000070d200000, 0x000000070d400000|  0%| F|  |TAMS 0x000000070d200000, 0x000000070d200000| Untracked 
| 100|0x000000070d400000, 0x000000070d400000, 0x000000070d600000|  0%| F|  |TAMS 0x000000070d400000, 0x000000070d400000| Untracked 
| 101|0x000000070d600000, 0x000000070d600000, 0x000000070d800000|  0%| F|  |TAMS 0x000000070d600000, 0x000000070d600000| Untracked 
| 102|0x000000070d800000, 0x000000070d800000, 0x000000070da00000|  0%| F|  |TAMS 0x000000070d800000, 0x000000070d800000| Untracked 
| 103|0x000000070da00000, 0x000000070da00000, 0x000000070dc00000|  0%| F|  |TAMS 0x000000070da00000, 0x000000070da00000| Untracked 
| 104|0x000000070dc00000, 0x000000070dc00000, 0x000000070de00000|  0%| F|  |TAMS 0x000000070dc00000, 0x000000070dc00000| Untracked 
| 105|0x000000070de00000, 0x000000070de00000, 0x000000070e000000|  0%| F|  |TAMS 0x000000070de00000, 0x000000070de00000| Untracked 
| 106|0x000000070e000000, 0x000000070e000000, 0x000000070e200000|  0%| F|  |TAMS 0x000000070e000000, 0x000000070e000000| Untracked 
| 107|0x000000070e200000, 0x000000070e200000, 0x000000070e400000|  0%| F|  |TAMS 0x000000070e200000, 0x000000070e200000| Untracked 
| 108|0x000000070e400000, 0x000000070e400000, 0x000000070e600000|  0%| F|  |TAMS 0x000000070e400000, 0x000000070e400000| Untracked 
| 109|0x000000070e600000, 0x000000070e600000, 0x000000070e800000|  0%| F|  |TAMS 0x000000070e600000, 0x000000070e600000| Untracked 
| 110|0x000000070e800000, 0x000000070e800000, 0x000000070ea00000|  0%| F|  |TAMS 0x000000070e800000, 0x000000070e800000| Untracked 
| 111|0x000000070ea00000, 0x000000070ea00000, 0x000000070ec00000|  0%| F|  |TAMS 0x000000070ea00000, 0x000000070ea00000| Untracked 
| 112|0x000000070ec00000, 0x000000070ec00000, 0x000000070ee00000|  0%| F|  |TAMS 0x000000070ec00000, 0x000000070ec00000| Untracked 
| 113|0x000000070ee00000, 0x000000070ee00000, 0x000000070f000000|  0%| F|  |TAMS 0x000000070ee00000, 0x000000070ee00000| Untracked 
| 114|0x000000070f000000, 0x000000070f000000, 0x000000070f200000|  0%| F|  |TAMS 0x000000070f000000, 0x000000070f000000| Untracked 
| 115|0x000000070f200000, 0x000000070f200000, 0x000000070f400000|  0%| F|  |TAMS 0x000000070f200000, 0x000000070f200000| Untracked 
| 116|0x000000070f400000, 0x000000070f400000, 0x000000070f600000|  0%| F|  |TAMS 0x000000070f400000, 0x000000070f400000| Untracked 
| 117|0x000000070f600000, 0x000000070f600000, 0x000000070f800000|  0%| F|  |TAMS 0x000000070f600000, 0x000000070f600000| Untracked 
| 118|0x000000070f800000, 0x000000070f800000, 0x000000070fa00000|  0%| F|  |TAMS 0x000000070f800000, 0x000000070f800000| Untracked 
| 119|0x000000070fa00000, 0x000000070fa00000, 0x000000070fc00000|  0%| F|  |TAMS 0x000000070fa00000, 0x000000070fa00000| Untracked 
| 120|0x000000070fc00000, 0x000000070fc00000, 0x000000070fe00000|  0%| F|  |TAMS 0x000000070fc00000, 0x000000070fc00000| Untracked 
| 121|0x000000070fe00000, 0x000000070fe00000, 0x0000000710000000|  0%| F|  |TAMS 0x000000070fe00000, 0x000000070fe00000| Untracked 
| 122|0x0000000710000000, 0x0000000710000000, 0x0000000710200000|  0%| F|  |TAMS 0x0000000710000000, 0x0000000710000000| Untracked 
| 123|0x0000000710200000, 0x0000000710200000, 0x0000000710400000|  0%| F|  |TAMS 0x0000000710200000, 0x0000000710200000| Untracked 
| 124|0x0000000710400000, 0x0000000710400000, 0x0000000710600000|  0%| F|  |TAMS 0x0000000710400000, 0x0000000710400000| Untracked 
| 125|0x0000000710600000, 0x0000000710600000, 0x0000000710800000|  0%| F|  |TAMS 0x0000000710600000, 0x0000000710600000| Untracked 
| 126|0x0000000710800000, 0x0000000710800000, 0x0000000710a00000|  0%| F|  |TAMS 0x0000000710800000, 0x0000000710800000| Untracked 
| 127|0x0000000710a00000, 0x0000000710a00000, 0x0000000710c00000|  0%| F|  |TAMS 0x0000000710a00000, 0x0000000710a00000| Untracked 
| 128|0x0000000710c00000, 0x0000000710c00000, 0x0000000710e00000|  0%| F|  |TAMS 0x0000000710c00000, 0x0000000710c00000| Untracked 
| 129|0x0000000710e00000, 0x0000000710e00000, 0x0000000711000000|  0%| F|  |TAMS 0x0000000710e00000, 0x0000000710e00000| Untracked 
| 130|0x0000000711000000, 0x0000000711000000, 0x0000000711200000|  0%| F|  |TAMS 0x0000000711000000, 0x0000000711000000| Untracked 
| 131|0x0000000711200000, 0x0000000711200000, 0x0000000711400000|  0%| F|  |TAMS 0x0000000711200000, 0x0000000711200000| Untracked 
| 132|0x0000000711400000, 0x0000000711400000, 0x0000000711600000|  0%| F|  |TAMS 0x0000000711400000, 0x0000000711400000| Untracked 
| 133|0x0000000711600000, 0x0000000711600000, 0x0000000711800000|  0%| F|  |TAMS 0x0000000711600000, 0x0000000711600000| Untracked 
| 134|0x0000000711800000, 0x0000000711800000, 0x0000000711a00000|  0%| F|  |TAMS 0x0000000711800000, 0x0000000711800000| Untracked 
| 135|0x0000000711a00000, 0x0000000711a00000, 0x0000000711c00000|  0%| F|  |TAMS 0x0000000711a00000, 0x0000000711a00000| Untracked 
| 136|0x0000000711c00000, 0x0000000711c00000, 0x0000000711e00000|  0%| F|  |TAMS 0x0000000711c00000, 0x0000000711c00000| Untracked 
| 137|0x0000000711e00000, 0x0000000711e00000, 0x0000000712000000|  0%| F|  |TAMS 0x0000000711e00000, 0x0000000711e00000| Untracked 
| 138|0x0000000712000000, 0x0000000712000000, 0x0000000712200000|  0%| F|  |TAMS 0x0000000712000000, 0x0000000712000000| Untracked 
| 139|0x0000000712200000, 0x0000000712200000, 0x0000000712400000|  0%| F|  |TAMS 0x0000000712200000, 0x0000000712200000| Untracked 
| 140|0x0000000712400000, 0x0000000712400000, 0x0000000712600000|  0%| F|  |TAMS 0x0000000712400000, 0x0000000712400000| Untracked 
| 141|0x0000000712600000, 0x0000000712600000, 0x0000000712800000|  0%| F|  |TAMS 0x0000000712600000, 0x0000000712600000| Untracked 
| 142|0x0000000712800000, 0x0000000712800000, 0x0000000712a00000|  0%| F|  |TAMS 0x0000000712800000, 0x0000000712800000| Untracked 
| 143|0x0000000712a00000, 0x0000000712a00000, 0x0000000712c00000|  0%| F|  |TAMS 0x0000000712a00000, 0x0000000712a00000| Untracked 
| 144|0x0000000712c00000, 0x0000000712c00000, 0x0000000712e00000|  0%| F|  |TAMS 0x0000000712c00000, 0x0000000712c00000| Untracked 
| 145|0x0000000712e00000, 0x0000000712e00000, 0x0000000713000000|  0%| F|  |TAMS 0x0000000712e00000, 0x0000000712e00000| Untracked 
| 146|0x0000000713000000, 0x0000000713000000, 0x0000000713200000|  0%| F|  |TAMS 0x0000000713000000, 0x0000000713000000| Untracked 
| 147|0x0000000713200000, 0x0000000713200000, 0x0000000713400000|  0%| F|  |TAMS 0x0000000713200000, 0x0000000713200000| Untracked 
| 148|0x0000000713400000, 0x0000000713400000, 0x0000000713600000|  0%| F|  |TAMS 0x0000000713400000, 0x0000000713400000| Untracked 
| 149|0x0000000713600000, 0x0000000713800000, 0x0000000713800000|100%|HS|  |TAMS 0x0000000713800000, 0x0000000713600000| Complete 
| 150|0x0000000713800000, 0x0000000713a00000, 0x0000000713a00000|100%|HC|  |TAMS 0x0000000713a00000, 0x0000000713800000| Complete 
| 151|0x0000000713a00000, 0x0000000713c00000, 0x0000000713c00000|100%|HC|  |TAMS 0x0000000713c00000, 0x0000000713a00000| Complete 
| 152|0x0000000713c00000, 0x0000000713e00000, 0x0000000713e00000|100%|HC|  |TAMS 0x0000000713e00000, 0x0000000713c00000| Complete 
| 153|0x0000000713e00000, 0x0000000714000000, 0x0000000714000000|100%|HC|  |TAMS 0x0000000714000000, 0x0000000713e00000| Complete 
| 154|0x0000000714000000, 0x0000000714200000, 0x0000000714200000|100%|HC|  |TAMS 0x0000000714200000, 0x0000000714000000| Complete 
| 155|0x0000000714200000, 0x0000000714400000, 0x0000000714400000|100%|HC|  |TAMS 0x0000000714400000, 0x0000000714200000| Complete 
| 156|0x0000000714400000, 0x0000000714600000, 0x0000000714600000|100%|HC|  |TAMS 0x0000000714600000, 0x0000000714400000| Complete 
| 157|0x0000000714600000, 0x0000000714800000, 0x0000000714800000|100%|HC|  |TAMS 0x0000000714800000, 0x0000000714600000| Complete 
| 158|0x0000000714800000, 0x0000000714a00000, 0x0000000714a00000|100%|HC|  |TAMS 0x0000000714a00000, 0x0000000714800000| Complete 
| 159|0x0000000714a00000, 0x0000000714c00000, 0x0000000714c00000|100%|HC|  |TAMS 0x0000000714c00000, 0x0000000714a00000| Complete 
| 160|0x0000000714c00000, 0x0000000714e00000, 0x0000000714e00000|100%|HC|  |TAMS 0x0000000714e00000, 0x0000000714c00000| Complete 
| 161|0x0000000714e00000, 0x0000000715000000, 0x0000000715000000|100%|HC|  |TAMS 0x0000000715000000, 0x0000000714e00000| Complete 
| 162|0x0000000715000000, 0x0000000715200000, 0x0000000715200000|100%|HC|  |TAMS 0x0000000715200000, 0x0000000715000000| Complete 
| 163|0x0000000715200000, 0x0000000715400000, 0x0000000715400000|100%|HC|  |TAMS 0x0000000715400000, 0x0000000715200000| Complete 
| 164|0x0000000715400000, 0x0000000715600000, 0x0000000715600000|100%|HC|  |TAMS 0x0000000715600000, 0x0000000715400000| Complete 
| 165|0x0000000715600000, 0x0000000715800000, 0x0000000715800000|100%|HC|  |TAMS 0x0000000715800000, 0x0000000715600000| Complete 
| 166|0x0000000715800000, 0x0000000715a00000, 0x0000000715a00000|100%|HC|  |TAMS 0x0000000715a00000, 0x0000000715800000| Complete 
| 167|0x0000000715a00000, 0x0000000715c00000, 0x0000000715c00000|100%|HC|  |TAMS 0x0000000715c00000, 0x0000000715a00000| Complete 
| 168|0x0000000715c00000, 0x0000000715e00000, 0x0000000715e00000|100%|HC|  |TAMS 0x0000000715e00000, 0x0000000715c00000| Complete 
| 169|0x0000000715e00000, 0x0000000716000000, 0x0000000716000000|100%|HC|  |TAMS 0x0000000716000000, 0x0000000715e00000| Complete 
| 170|0x0000000716000000, 0x0000000716200000, 0x0000000716200000|100%|HC|  |TAMS 0x0000000716200000, 0x0000000716000000| Complete 
| 171|0x0000000716200000, 0x0000000716400000, 0x0000000716400000|100%|HC|  |TAMS 0x0000000716400000, 0x0000000716200000| Complete 
| 172|0x0000000716400000, 0x0000000716600000, 0x0000000716600000|100%|HC|  |TAMS 0x0000000716600000, 0x0000000716400000| Complete 
| 173|0x0000000716600000, 0x0000000716800000, 0x0000000716800000|100%|HC|  |TAMS 0x0000000716800000, 0x0000000716600000| Complete 
| 174|0x0000000716800000, 0x0000000716a00000, 0x0000000716a00000|100%|HC|  |TAMS 0x0000000716a00000, 0x0000000716800000| Complete 
| 175|0x0000000716a00000, 0x0000000716c00000, 0x0000000716c00000|100%|HC|  |TAMS 0x0000000716c00000, 0x0000000716a00000| Complete 
| 176|0x0000000716c00000, 0x0000000716e00000, 0x0000000716e00000|100%|HC|  |TAMS 0x0000000716e00000, 0x0000000716c00000| Complete 
| 177|0x0000000716e00000, 0x0000000717000000, 0x0000000717000000|100%|HC|  |TAMS 0x0000000717000000, 0x0000000716e00000| Complete 
| 178|0x0000000717000000, 0x0000000717200000, 0x0000000717200000|100%|HC|  |TAMS 0x0000000717200000, 0x0000000717000000| Complete 
| 179|0x0000000717200000, 0x0000000717400000, 0x0000000717400000|100%|HC|  |TAMS 0x0000000717400000, 0x0000000717200000| Complete 
| 180|0x0000000717400000, 0x0000000717600000, 0x0000000717600000|100%|HC|  |TAMS 0x0000000717600000, 0x0000000717400000| Complete 
| 181|0x0000000717600000, 0x0000000717800000, 0x0000000717800000|100%|HC|  |TAMS 0x0000000717800000, 0x0000000717600000| Complete 
| 182|0x0000000717800000, 0x0000000717a00000, 0x0000000717a00000|100%|HC|  |TAMS 0x0000000717a00000, 0x0000000717800000| Complete 
| 183|0x0000000717a00000, 0x0000000717c00000, 0x0000000717c00000|100%|HC|  |TAMS 0x0000000717c00000, 0x0000000717a00000| Complete 
| 184|0x0000000717c00000, 0x0000000717e00000, 0x0000000717e00000|100%|HC|  |TAMS 0x0000000717e00000, 0x0000000717c00000| Complete 
| 185|0x0000000717e00000, 0x0000000718000000, 0x0000000718000000|100%|HC|  |TAMS 0x0000000718000000, 0x0000000717e00000| Complete 
| 186|0x0000000718000000, 0x0000000718200000, 0x0000000718200000|100%|HC|  |TAMS 0x0000000718200000, 0x0000000718000000| Complete 
| 187|0x0000000718200000, 0x0000000718400000, 0x0000000718400000|100%|HC|  |TAMS 0x0000000718400000, 0x0000000718200000| Complete 
| 188|0x0000000718400000, 0x0000000718600000, 0x0000000718600000|100%|HC|  |TAMS 0x0000000718600000, 0x0000000718400000| Complete 
| 189|0x0000000718600000, 0x0000000718800000, 0x0000000718800000|100%|HC|  |TAMS 0x0000000718800000, 0x0000000718600000| Complete 
| 190|0x0000000718800000, 0x0000000718a00000, 0x0000000718a00000|100%|HC|  |TAMS 0x0000000718a00000, 0x0000000718800000| Complete 
| 191|0x0000000718a00000, 0x0000000718c00000, 0x0000000718c00000|100%|HC|  |TAMS 0x0000000718c00000, 0x0000000718a00000| Complete 
| 192|0x0000000718c00000, 0x0000000718e00000, 0x0000000718e00000|100%|HC|  |TAMS 0x0000000718e00000, 0x0000000718c00000| Complete 
| 193|0x0000000718e00000, 0x0000000719000000, 0x0000000719000000|100%|HC|  |TAMS 0x0000000719000000, 0x0000000718e00000| Complete 
| 194|0x0000000719000000, 0x0000000719200000, 0x0000000719200000|100%|HC|  |TAMS 0x0000000719200000, 0x0000000719000000| Complete 
| 195|0x0000000719200000, 0x0000000719400000, 0x0000000719400000|100%|HC|  |TAMS 0x0000000719400000, 0x0000000719200000| Complete 
| 196|0x0000000719400000, 0x0000000719600000, 0x0000000719600000|100%|HC|  |TAMS 0x0000000719600000, 0x0000000719400000| Complete 
| 197|0x0000000719600000, 0x0000000719800000, 0x0000000719800000|100%|HC|  |TAMS 0x0000000719800000, 0x0000000719600000| Complete 
| 198|0x0000000719800000, 0x0000000719a00000, 0x0000000719a00000|100%|HC|  |TAMS 0x0000000719a00000, 0x0000000719800000| Complete 
| 199|0x0000000719a00000, 0x0000000719c00000, 0x0000000719c00000|100%|HC|  |TAMS 0x0000000719c00000, 0x0000000719a00000| Complete 
| 200|0x0000000719c00000, 0x0000000719e00000, 0x0000000719e00000|100%|HC|  |TAMS 0x0000000719e00000, 0x0000000719c00000| Complete 
| 201|0x0000000719e00000, 0x000000071a000000, 0x000000071a000000|100%|HC|  |TAMS 0x000000071a000000, 0x0000000719e00000| Complete 
| 202|0x000000071a000000, 0x000000071a200000, 0x000000071a200000|100%|HC|  |TAMS 0x000000071a200000, 0x000000071a000000| Complete 
| 203|0x000000071a200000, 0x000000071a400000, 0x000000071a400000|100%|HC|  |TAMS 0x000000071a400000, 0x000000071a200000| Complete 
| 204|0x000000071a400000, 0x000000071a600000, 0x000000071a600000|100%|HC|  |TAMS 0x000000071a600000, 0x000000071a400000| Complete 
| 205|0x000000071a600000, 0x000000071a800000, 0x000000071a800000|100%|HC|  |TAMS 0x000000071a800000, 0x000000071a600000| Complete 
| 206|0x000000071a800000, 0x000000071aa00000, 0x000000071aa00000|100%|HC|  |TAMS 0x000000071aa00000, 0x000000071a800000| Complete 
| 207|0x000000071aa00000, 0x000000071ac00000, 0x000000071ac00000|100%|HC|  |TAMS 0x000000071ac00000, 0x000000071aa00000| Complete 
| 208|0x000000071ac00000, 0x000000071ae00000, 0x000000071ae00000|100%|HC|  |TAMS 0x000000071ae00000, 0x000000071ac00000| Complete 
| 209|0x000000071ae00000, 0x000000071b000000, 0x000000071b000000|100%|HC|  |TAMS 0x000000071b000000, 0x000000071ae00000| Complete 
| 210|0x000000071b000000, 0x000000071b200000, 0x000000071b200000|100%|HC|  |TAMS 0x000000071b200000, 0x000000071b000000| Complete 
| 211|0x000000071b200000, 0x000000071b400000, 0x000000071b400000|100%|HC|  |TAMS 0x000000071b400000, 0x000000071b200000| Complete 
| 212|0x000000071b400000, 0x000000071b600000, 0x000000071b600000|100%|HC|  |TAMS 0x000000071b600000, 0x000000071b400000| Complete 
| 213|0x000000071b600000, 0x000000071b800000, 0x000000071b800000|100%|HC|  |TAMS 0x000000071b800000, 0x000000071b600000| Complete 
| 214|0x000000071b800000, 0x000000071ba00000, 0x000000071ba00000|100%|HC|  |TAMS 0x000000071ba00000, 0x000000071b800000| Complete 
| 215|0x000000071ba00000, 0x000000071bc00000, 0x000000071bc00000|100%|HC|  |TAMS 0x000000071bc00000, 0x000000071ba00000| Complete 
| 216|0x000000071bc00000, 0x000000071be00000, 0x000000071be00000|100%|HC|  |TAMS 0x000000071be00000, 0x000000071bc00000| Complete 
| 217|0x000000071be00000, 0x000000071c000000, 0x000000071c000000|100%|HC|  |TAMS 0x000000071c000000, 0x000000071be00000| Complete 
| 218|0x000000071c000000, 0x000000071c200000, 0x000000071c200000|100%|HC|  |TAMS 0x000000071c200000, 0x000000071c000000| Complete 
| 219|0x000000071c200000, 0x000000071c400000, 0x000000071c400000|100%|HC|  |TAMS 0x000000071c400000, 0x000000071c200000| Complete 
| 220|0x000000071c400000, 0x000000071c600000, 0x000000071c600000|100%|HC|  |TAMS 0x000000071c600000, 0x000000071c400000| Complete 
| 221|0x000000071c600000, 0x000000071c800000, 0x000000071c800000|100%|HC|  |TAMS 0x000000071c800000, 0x000000071c600000| Complete 
| 222|0x000000071c800000, 0x000000071ca00000, 0x000000071ca00000|100%|HC|  |TAMS 0x000000071ca00000, 0x000000071c800000| Complete 
| 223|0x000000071ca00000, 0x000000071cc00000, 0x000000071cc00000|100%|HC|  |TAMS 0x000000071cc00000, 0x000000071ca00000| Complete 
| 224|0x000000071cc00000, 0x000000071ce00000, 0x000000071ce00000|100%|HC|  |TAMS 0x000000071ce00000, 0x000000071cc00000| Complete 
| 225|0x000000071ce00000, 0x000000071d000000, 0x000000071d000000|100%|HC|  |TAMS 0x000000071d000000, 0x000000071ce00000| Complete 
| 226|0x000000071d000000, 0x000000071d200000, 0x000000071d200000|100%|HC|  |TAMS 0x000000071d200000, 0x000000071d000000| Complete 
| 227|0x000000071d200000, 0x000000071d400000, 0x000000071d400000|100%|HC|  |TAMS 0x000000071d400000, 0x000000071d200000| Complete 
| 228|0x000000071d400000, 0x000000071d400000, 0x000000071d600000|  0%| F|  |TAMS 0x000000071d400000, 0x000000071d400000| Untracked 
| 229|0x000000071d600000, 0x000000071d600000, 0x000000071d800000|  0%| F|  |TAMS 0x000000071d600000, 0x000000071d600000| Untracked 
| 230|0x000000071d800000, 0x000000071d800000, 0x000000071da00000|  0%| F|  |TAMS 0x000000071d800000, 0x000000071d800000| Untracked 
| 231|0x000000071da00000, 0x000000071da00000, 0x000000071dc00000|  0%| F|  |TAMS 0x000000071da00000, 0x000000071da00000| Untracked 
| 232|0x000000071dc00000, 0x000000071dc00000, 0x000000071de00000|  0%| F|  |TAMS 0x000000071dc00000, 0x000000071dc00000| Untracked 
| 233|0x000000071de00000, 0x000000071de00000, 0x000000071e000000|  0%| F|  |TAMS 0x000000071de00000, 0x000000071de00000| Untracked 
| 234|0x000000071e000000, 0x000000071e000000, 0x000000071e200000|  0%| F|  |TAMS 0x000000071e000000, 0x000000071e000000| Untracked 
| 235|0x000000071e200000, 0x000000071e200000, 0x000000071e400000|  0%| F|  |TAMS 0x000000071e200000, 0x000000071e200000| Untracked 
| 236|0x000000071e400000, 0x000000071e400000, 0x000000071e600000|  0%| F|  |TAMS 0x000000071e400000, 0x000000071e400000| Untracked 
| 237|0x000000071e600000, 0x000000071e600000, 0x000000071e800000|  0%| F|  |TAMS 0x000000071e600000, 0x000000071e600000| Untracked 
| 238|0x000000071e800000, 0x000000071e800000, 0x000000071ea00000|  0%| F|  |TAMS 0x000000071e800000, 0x000000071e800000| Untracked 
| 239|0x000000071ea00000, 0x000000071ea00000, 0x000000071ec00000|  0%| F|  |TAMS 0x000000071ea00000, 0x000000071ea00000| Untracked 
| 240|0x000000071ec00000, 0x000000071ec00000, 0x000000071ee00000|  0%| F|  |TAMS 0x000000071ec00000, 0x000000071ec00000| Untracked 
| 241|0x000000071ee00000, 0x000000071ee00000, 0x000000071f000000|  0%| F|  |TAMS 0x000000071ee00000, 0x000000071ee00000| Untracked 
| 242|0x000000071f000000, 0x000000071f000000, 0x000000071f200000|  0%| F|  |TAMS 0x000000071f000000, 0x000000071f000000| Untracked 
| 243|0x000000071f200000, 0x000000071f200000, 0x000000071f400000|  0%| F|  |TAMS 0x000000071f200000, 0x000000071f200000| Untracked 
| 244|0x000000071f400000, 0x000000071f400000, 0x000000071f600000|  0%| F|  |TAMS 0x000000071f400000, 0x000000071f400000| Untracked 
| 245|0x000000071f600000, 0x000000071f600000, 0x000000071f800000|  0%| F|  |TAMS 0x000000071f600000, 0x000000071f600000| Untracked 
| 246|0x000000071f800000, 0x000000071f800000, 0x000000071fa00000|  0%| F|  |TAMS 0x000000071f800000, 0x000000071f800000| Untracked 
| 247|0x000000071fa00000, 0x000000071fa00000, 0x000000071fc00000|  0%| F|  |TAMS 0x000000071fa00000, 0x000000071fa00000| Untracked 
| 248|0x000000071fc00000, 0x000000071fc00000, 0x000000071fe00000|  0%| F|  |TAMS 0x000000071fc00000, 0x000000071fc00000| Untracked 
| 249|0x000000071fe00000, 0x000000071fe00000, 0x0000000720000000|  0%| F|  |TAMS 0x000000071fe00000, 0x000000071fe00000| Untracked 
| 250|0x0000000720000000, 0x0000000720000000, 0x0000000720200000|  0%| F|  |TAMS 0x0000000720000000, 0x0000000720000000| Untracked 
| 251|0x0000000720200000, 0x0000000720200000, 0x0000000720400000|  0%| F|  |TAMS 0x0000000720200000, 0x0000000720200000| Untracked 
| 252|0x0000000720400000, 0x0000000720400000, 0x0000000720600000|  0%| F|  |TAMS 0x0000000720400000, 0x0000000720400000| Untracked 
| 253|0x0000000720600000, 0x0000000720600000, 0x0000000720800000|  0%| F|  |TAMS 0x0000000720600000, 0x0000000720600000| Untracked 
| 254|0x0000000720800000, 0x0000000720800000, 0x0000000720a00000|  0%| F|  |TAMS 0x0000000720800000, 0x0000000720800000| Untracked 
| 255|0x0000000720a00000, 0x0000000720a00000, 0x0000000720c00000|  0%| F|  |TAMS 0x0000000720a00000, 0x0000000720a00000| Untracked 
| 256|0x0000000720c00000, 0x0000000720c00000, 0x0000000720e00000|  0%| F|  |TAMS 0x0000000720c00000, 0x0000000720c00000| Untracked 
| 257|0x0000000720e00000, 0x0000000720e00000, 0x0000000721000000|  0%| F|  |TAMS 0x0000000720e00000, 0x0000000720e00000| Untracked 
| 258|0x0000000721000000, 0x0000000721000000, 0x0000000721200000|  0%| F|  |TAMS 0x0000000721000000, 0x0000000721000000| Untracked 
| 259|0x0000000721200000, 0x0000000721200000, 0x0000000721400000|  0%| F|  |TAMS 0x0000000721200000, 0x0000000721200000| Untracked 
| 260|0x0000000721400000, 0x0000000721400000, 0x0000000721600000|  0%| F|  |TAMS 0x0000000721400000, 0x0000000721400000| Untracked 
| 261|0x0000000721600000, 0x0000000721600000, 0x0000000721800000|  0%| F|  |TAMS 0x0000000721600000, 0x0000000721600000| Untracked 
| 262|0x0000000721800000, 0x0000000721800000, 0x0000000721a00000|  0%| F|  |TAMS 0x0000000721800000, 0x0000000721800000| Untracked 
| 263|0x0000000721a00000, 0x0000000721a00000, 0x0000000721c00000|  0%| F|  |TAMS 0x0000000721a00000, 0x0000000721a00000| Untracked 
| 264|0x0000000721c00000, 0x0000000721c00000, 0x0000000721e00000|  0%| F|  |TAMS 0x0000000721c00000, 0x0000000721c00000| Untracked 
| 265|0x0000000721e00000, 0x0000000721e00000, 0x0000000722000000|  0%| F|  |TAMS 0x0000000721e00000, 0x0000000721e00000| Untracked 
| 266|0x0000000722000000, 0x0000000722000000, 0x0000000722200000|  0%| F|  |TAMS 0x0000000722000000, 0x0000000722000000| Untracked 
| 267|0x0000000722200000, 0x0000000722200000, 0x0000000722400000|  0%| F|  |TAMS 0x0000000722200000, 0x0000000722200000| Untracked 
| 268|0x0000000722400000, 0x0000000722400000, 0x0000000722600000|  0%| F|  |TAMS 0x0000000722400000, 0x0000000722400000| Untracked 
| 269|0x0000000722600000, 0x0000000722600000, 0x0000000722800000|  0%| F|  |TAMS 0x0000000722600000, 0x0000000722600000| Untracked 
| 270|0x0000000722800000, 0x0000000722800000, 0x0000000722a00000|  0%| F|  |TAMS 0x0000000722800000, 0x0000000722800000| Untracked 
| 271|0x0000000722a00000, 0x0000000722a00000, 0x0000000722c00000|  0%| F|  |TAMS 0x0000000722a00000, 0x0000000722a00000| Untracked 
| 272|0x0000000722c00000, 0x0000000722c00000, 0x0000000722e00000|  0%| F|  |TAMS 0x0000000722c00000, 0x0000000722c00000| Untracked 
| 273|0x0000000722e00000, 0x0000000722e00000, 0x0000000723000000|  0%| F|  |TAMS 0x0000000722e00000, 0x0000000722e00000| Untracked 
| 274|0x0000000723000000, 0x0000000723000000, 0x0000000723200000|  0%| F|  |TAMS 0x0000000723000000, 0x0000000723000000| Untracked 
| 275|0x0000000723200000, 0x0000000723200000, 0x0000000723400000|  0%| F|  |TAMS 0x0000000723200000, 0x0000000723200000| Untracked 
| 276|0x0000000723400000, 0x0000000723400000, 0x0000000723600000|  0%| F|  |TAMS 0x0000000723400000, 0x0000000723400000| Untracked 
| 277|0x0000000723600000, 0x0000000723600000, 0x0000000723800000|  0%| F|  |TAMS 0x0000000723600000, 0x0000000723600000| Untracked 
| 278|0x0000000723800000, 0x0000000723800000, 0x0000000723a00000|  0%| F|  |TAMS 0x0000000723800000, 0x0000000723800000| Untracked 
| 279|0x0000000723a00000, 0x0000000723a00000, 0x0000000723c00000|  0%| F|  |TAMS 0x0000000723a00000, 0x0000000723a00000| Untracked 
| 280|0x0000000723c00000, 0x0000000723c00000, 0x0000000723e00000|  0%| F|  |TAMS 0x0000000723c00000, 0x0000000723c00000| Untracked 
| 281|0x0000000723e00000, 0x0000000723e00000, 0x0000000724000000|  0%| F|  |TAMS 0x0000000723e00000, 0x0000000723e00000| Untracked 
| 282|0x0000000724000000, 0x0000000724000000, 0x0000000724200000|  0%| F|  |TAMS 0x0000000724000000, 0x0000000724000000| Untracked 
| 283|0x0000000724200000, 0x0000000724200000, 0x0000000724400000|  0%| F|  |TAMS 0x0000000724200000, 0x0000000724200000| Untracked 
| 284|0x0000000724400000, 0x0000000724400000, 0x0000000724600000|  0%| F|  |TAMS 0x0000000724400000, 0x0000000724400000| Untracked 
| 285|0x0000000724600000, 0x0000000724600000, 0x0000000724800000|  0%| F|  |TAMS 0x0000000724600000, 0x0000000724600000| Untracked 
| 286|0x0000000724800000, 0x0000000724800000, 0x0000000724a00000|  0%| F|  |TAMS 0x0000000724800000, 0x0000000724800000| Untracked 
| 287|0x0000000724a00000, 0x0000000724a00000, 0x0000000724c00000|  0%| F|  |TAMS 0x0000000724a00000, 0x0000000724a00000| Untracked 
| 288|0x0000000724c00000, 0x0000000724c00000, 0x0000000724e00000|  0%| F|  |TAMS 0x0000000724c00000, 0x0000000724c00000| Untracked 
| 289|0x0000000724e00000, 0x0000000724e00000, 0x0000000725000000|  0%| F|  |TAMS 0x0000000724e00000, 0x0000000724e00000| Untracked 
| 290|0x0000000725000000, 0x0000000725000000, 0x0000000725200000|  0%| F|  |TAMS 0x0000000725000000, 0x0000000725000000| Untracked 
| 291|0x0000000725200000, 0x0000000725200000, 0x0000000725400000|  0%| F|  |TAMS 0x0000000725200000, 0x0000000725200000| Untracked 
| 292|0x0000000725400000, 0x0000000725400000, 0x0000000725600000|  0%| F|  |TAMS 0x0000000725400000, 0x0000000725400000| Untracked 
| 293|0x0000000725600000, 0x0000000725600000, 0x0000000725800000|  0%| F|  |TAMS 0x0000000725600000, 0x0000000725600000| Untracked 
| 294|0x0000000725800000, 0x0000000725800000, 0x0000000725a00000|  0%| F|  |TAMS 0x0000000725800000, 0x0000000725800000| Untracked 
| 295|0x0000000725a00000, 0x0000000725a00000, 0x0000000725c00000|  0%| F|  |TAMS 0x0000000725a00000, 0x0000000725a00000| Untracked 
| 296|0x0000000725c00000, 0x0000000725c00000, 0x0000000725e00000|  0%| F|  |TAMS 0x0000000725c00000, 0x0000000725c00000| Untracked 
| 297|0x0000000725e00000, 0x0000000725e00000, 0x0000000726000000|  0%| F|  |TAMS 0x0000000725e00000, 0x0000000725e00000| Untracked 
| 298|0x0000000726000000, 0x0000000726000000, 0x0000000726200000|  0%| F|  |TAMS 0x0000000726000000, 0x0000000726000000| Untracked 
| 299|0x0000000726200000, 0x0000000726200000, 0x0000000726400000|  0%| F|  |TAMS 0x0000000726200000, 0x0000000726200000| Untracked 
| 300|0x0000000726400000, 0x0000000726400000, 0x0000000726600000|  0%| F|  |TAMS 0x0000000726400000, 0x0000000726400000| Untracked 
| 301|0x0000000726600000, 0x0000000726600000, 0x0000000726800000|  0%| F|  |TAMS 0x0000000726600000, 0x0000000726600000| Untracked 
| 302|0x0000000726800000, 0x0000000726800000, 0x0000000726a00000|  0%| F|  |TAMS 0x0000000726800000, 0x0000000726800000| Untracked 
| 303|0x0000000726a00000, 0x0000000726a00000, 0x0000000726c00000|  0%| F|  |TAMS 0x0000000726a00000, 0x0000000726a00000| Untracked 
| 304|0x0000000726c00000, 0x0000000726c00000, 0x0000000726e00000|  0%| F|  |TAMS 0x0000000726c00000, 0x0000000726c00000| Untracked 
| 305|0x0000000726e00000, 0x0000000726e00000, 0x0000000727000000|  0%| F|  |TAMS 0x0000000726e00000, 0x0000000726e00000| Untracked 
| 306|0x0000000727000000, 0x0000000727000000, 0x0000000727200000|  0%| F|  |TAMS 0x0000000727000000, 0x0000000727000000| Untracked 
| 307|0x0000000727200000, 0x0000000727200000, 0x0000000727400000|  0%| F|  |TAMS 0x0000000727200000, 0x0000000727200000| Untracked 
| 308|0x0000000727400000, 0x0000000727400000, 0x0000000727600000|  0%| F|  |TAMS 0x0000000727400000, 0x0000000727400000| Untracked 
| 309|0x0000000727600000, 0x0000000727600800, 0x0000000727800000|  0%| E|  |TAMS 0x0000000727600000, 0x0000000727600000| Complete 
| 310|0x0000000727800000, 0x0000000727a00000, 0x0000000727a00000|100%| E|CS|TAMS 0x0000000727800000, 0x0000000727800000| Complete 
| 311|0x0000000727a00000, 0x0000000727c00000, 0x0000000727c00000|100%| E|CS|TAMS 0x0000000727a00000, 0x0000000727a00000| Complete 
| 312|0x0000000727c00000, 0x0000000727e00000, 0x0000000727e00000|100%| E|CS|TAMS 0x0000000727c00000, 0x0000000727c00000| Complete 
| 313|0x0000000727e00000, 0x0000000728000000, 0x0000000728000000|100%| E|CS|TAMS 0x0000000727e00000, 0x0000000727e00000| Complete 
| 314|0x0000000728000000, 0x0000000728200000, 0x0000000728200000|100%| E|CS|TAMS 0x0000000728000000, 0x0000000728000000| Complete 
| 315|0x0000000728200000, 0x0000000728400000, 0x0000000728400000|100%| E|CS|TAMS 0x0000000728200000, 0x0000000728200000| Complete 
| 316|0x0000000728400000, 0x0000000728600000, 0x0000000728600000|100%| E|CS|TAMS 0x0000000728400000, 0x0000000728400000| Complete 
| 317|0x0000000728600000, 0x0000000728800000, 0x0000000728800000|100%| E|CS|TAMS 0x0000000728600000, 0x0000000728600000| Complete 
| 318|0x0000000728800000, 0x0000000728a00000, 0x0000000728a00000|100%| E|CS|TAMS 0x0000000728800000, 0x0000000728800000| Complete 
| 319|0x0000000728a00000, 0x0000000728c00000, 0x0000000728c00000|100%| E|CS|TAMS 0x0000000728a00000, 0x0000000728a00000| Complete 
| 320|0x0000000728c00000, 0x0000000728e00000, 0x0000000728e00000|100%| E|CS|TAMS 0x0000000728c00000, 0x0000000728c00000| Complete 
| 321|0x0000000728e00000, 0x0000000729000000, 0x0000000729000000|100%| E|CS|TAMS 0x0000000728e00000, 0x0000000728e00000| Complete 
| 322|0x0000000729000000, 0x0000000729200000, 0x0000000729200000|100%| E|CS|TAMS 0x0000000729000000, 0x0000000729000000| Complete 
| 323|0x0000000729200000, 0x0000000729400000, 0x0000000729400000|100%| E|CS|TAMS 0x0000000729200000, 0x0000000729200000| Complete 
| 324|0x0000000729400000, 0x0000000729600000, 0x0000000729600000|100%| E|CS|TAMS 0x0000000729400000, 0x0000000729400000| Complete 
| 417|0x0000000734e00000, 0x0000000734f3f998, 0x0000000735000000| 62%| S|CS|TAMS 0x0000000734e00000, 0x0000000734e00000| Complete 
| 418|0x0000000735000000, 0x0000000735200000, 0x0000000735200000|100%| E|CS|TAMS 0x0000000735000000, 0x0000000735000000| Complete 

Card table byte_map: [0x0000023973820000,0x0000023974020000] _byte_map_base: 0x000002397001a000

Marking Bits (Prev, Next): (CMBitMap*) 0x00000239689c2bc0, (CMBitMap*) 0x00000239689c2c00
 Prev Bits: [0x0000023974820000, 0x00000239787f0000)
 Next Bits: [0x00000239787f0000, 0x000002397c7c0000)

Polling page: 0x0000023968a50000

Metaspace:

Usage:
  Non-class:      8.45 MB capacity,     8.28 MB ( 98%) used,   156.47 KB (  2%) free+waste,    11.19 KB ( <1%) overhead. 
      Class:    961.00 KB capacity,   903.93 KB ( 94%) used,    52.57 KB (  5%) free+waste,     4.50 KB ( <1%) overhead. 
       Both:      9.39 MB capacity,     9.17 MB ( 98%) used,   209.04 KB (  2%) free+waste,    15.69 KB ( <1%) overhead. 

Virtual space:
  Non-class space:       10.00 MB reserved,       8.50 MB ( 85%) committed 
      Class space:        1.00 GB reserved,       1.00 MB ( <1%) committed 
             Both:        1.01 GB reserved,       9.50 MB ( <1%) committed 

Chunk freelists:
   Non-Class:  53.00 KB
       Class:  0 bytes
        Both:  53.00 KB

MaxMetaspaceSize: 17179869184.00 GB
CompressedClassSpaceSize: 1.00 GB

CodeHeap 'non-profiled nmethods': size=120000Kb used=1276Kb max_used=1276Kb free=118723Kb
 bounds [0x0000023907ad0000, 0x0000023907d40000, 0x000002390f000000]
CodeHeap 'profiled nmethods': size=120000Kb used=2939Kb max_used=2939Kb free=117060Kb
 bounds [0x00000239005a0000, 0x0000023900880000, 0x0000023907ad0000]
CodeHeap 'non-nmethods': size=5760Kb used=1289Kb max_used=1402Kb free=4470Kb
 bounds [0x0000023900000000, 0x0000023900270000, 0x00000239005a0000]
 total_blobs=2273 nmethods=1692 adapters=494
 compilation: enabled
              stopped_count=0, restarted_count=0
 full_count=0

Compilation events (20 events):
Event: 6.150 Thread 0x000002390f01ddc0 1687   !   3       sun.java2d.pipe.BufferedRenderPipe::fillRect (102 bytes)
Event: 6.151 Thread 0x000002390f01ddc0 nmethod 1687 0x000002390087c210 code [0x000002390087c500, 0x000002390087d528]
Event: 6.476 Thread 0x000002390f01c210 1688       4       sun.java2d.SunGraphics2D::clearRect (49 bytes)
Event: 6.513 Thread 0x000002390f01c210 nmethod 1688 0x0000023907c02010 code [0x0000023907c02320, 0x0000023907c043e0]
Event: 6.514 Thread 0x000002390f01c210 1689       4       sun.java2d.SunGraphics2D::setPaint (162 bytes)
Event: 6.517 Thread 0x000002390f01c210 nmethod 1689 0x0000023907c05c90 code [0x0000023907c05e40, 0x0000023907c06298]
Event: 6.542 Thread 0x000002390f01c210 1690       4       sun.java2d.SunGraphics2D::<init> (154 bytes)
Event: 6.571 Thread 0x000002390f01c210 nmethod 1690 0x0000023907c06610 code [0x0000023907c068e0, 0x0000023907c08850]
Event: 6.676 Thread 0x000002390f01c210 1691       4       game.graphics.Image2d::draw (69 bytes)
Event: 6.678 Thread 0x000002390f01c210 nmethod 1691 0x0000023907c09510 code [0x0000023907c096c0, 0x0000023907c09928]
Event: 7.023 Thread 0x000002390f01c210 1692       4       game.graphics.Screen::render (119 bytes)
Event: 7.077 Thread 0x000002390f01c210 nmethod 1692 0x0000023907c09c10 code [0x0000023907c0a000, 0x0000023907c0cb50]
Event: 7.077 Thread 0x000002390f01c210 1693       4       game.Game::render (10 bytes)
Event: 7.083 Thread 0x000002390f01c210 nmethod 1693 0x0000023907c0e310 code [0x0000023907c0e540, 0x0000023907c0eb50]
Event: 7.133 Thread 0x000002390f01ddc0 1694       3       sun.java2d.d3d.D3DSurfaceData::setSurfaceLost (29 bytes)
Event: 7.133 Thread 0x000002390f01ddc0 nmethod 1694 0x000002390087dd90 code [0x000002390087df60, 0x000002390087e2d8]
Event: 7.133 Thread 0x000002390f01ddc0 1695       3       sun.java2d.SurfaceData::setSurfaceLost (13 bytes)
Event: 7.133 Thread 0x000002390f01ddc0 nmethod 1695 0x000002390087e410 code [0x000002390087e5a0, 0x000002390087e738]
Event: 7.133 Thread 0x000002390f01ddc0 1696       3       sun.awt.image.VolatileSurfaceManager::acceleratedSurfaceLost (24 bytes)
Event: 7.133 Thread 0x000002390f01ddc0 nmethod 1696 0x000002390087e810 code [0x000002390087e9c0, 0x000002390087ec08]

GC Heap History (10 events):
Event: 0.771 GC heap before
{Heap before GC invocations=0 (full 0):
 garbage-first heap   total 262144K, used 38912K [0x0000000700c00000, 0x0000000800000000)
  region size 2048K, 11 young (22528K), 0 survivors (0K)
 Metaspace       used 7926K, capacity 8093K, committed 8320K, reserved 1056768K
  class space    used 799K, capacity 860K, committed 896K, reserved 1048576K
}
Event: 0.774 GC heap after
{Heap after GC invocations=1 (full 0):
 garbage-first heap   total 262144K, used 19790K [0x0000000700c00000, 0x0000000800000000)
  region size 2048K, 2 young (4096K), 2 survivors (4096K)
 Metaspace       used 7926K, capacity 8093K, committed 8320K, reserved 1056768K
  class space    used 799K, capacity 860K, committed 896K, reserved 1048576K
}
Event: 1.396 GC heap before
{Heap before GC invocations=1 (full 0):
 garbage-first heap   total 262144K, used 36174K [0x0000000700c00000, 0x0000000800000000)
  region size 2048K, 10 young (20480K), 2 survivors (4096K)
 Metaspace       used 8582K, capacity 8777K, committed 8832K, reserved 1056768K
  class space    used 847K, capacity 896K, committed 896K, reserved 1048576K
}
Event: 1.400 GC heap after
{Heap after GC invocations=2 (full 0):
 garbage-first heap   total 262144K, used 20586K [0x0000000700c00000, 0x0000000800000000)
  region size 2048K, 2 young (4096K), 2 survivors (4096K)
 Metaspace       used 8582K, capacity 8777K, committed 8832K, reserved 1056768K
  class space    used 847K, capacity 896K, committed 896K, reserved 1048576K
}
Event: 1.595 GC heap before
{Heap before GC invocations=3 (full 0):
 garbage-first heap   total 307200K, used 182378K [0x0000000700c00000, 0x0000000800000000)
  region size 2048K, 3 young (6144K), 2 survivors (4096K)
 Metaspace       used 8591K, capacity 8777K, committed 8832K, reserved 1056768K
  class space    used 847K, capacity 896K, committed 896K, reserved 1048576K
}
Event: 1.597 GC heap after
{Heap after GC invocations=4 (full 0):
 garbage-first heap   total 307200K, used 182513K [0x0000000700c00000, 0x0000000800000000)
  region size 2048K, 2 young (4096K), 2 survivors (4096K)
 Metaspace       used 8591K, capacity 8777K, committed 8832K, reserved 1056768K
  class space    used 847K, capacity 896K, committed 896K, reserved 1048576K
}
Event: 2.104 GC heap before
{Heap before GC invocations=5 (full 0):
 garbage-first heap   total 628736K, used 510193K [0x0000000700c00000, 0x0000000800000000)
  region size 2048K, 5 young (10240K), 2 survivors (4096K)
 Metaspace       used 9081K, capacity 9289K, committed 9472K, reserved 1058816K
  class space    used 900K, capacity 960K, committed 1024K, reserved 1048576K
}
Event: 2.105 GC heap after
{Heap after GC invocations=6 (full 0):
 garbage-first heap   total 628736K, used 506889K [0x0000000700c00000, 0x0000000800000000)
  region size 2048K, 2 young (4096K), 2 survivors (4096K)
 Metaspace       used 9081K, capacity 9289K, committed 9472K, reserved 1058816K
  class space    used 900K, capacity 960K, committed 1024K, reserved 1048576K
}
Event: 2.119 GC heap before
{Heap before GC invocations=7 (full 0):
 garbage-first heap   total 858112K, used 513033K [0x0000000700c00000, 0x0000000800000000)
  region size 2048K, 4 young (8192K), 2 survivors (4096K)
 Metaspace       used 9081K, capacity 9289K, committed 9472K, reserved 1058816K
  class space    used 900K, capacity 960K, committed 1024K, reserved 1048576K
}
Event: 2.121 GC heap after
{Heap after GC invocations=8 (full 0):
 garbage-first heap   total 858112K, used 187652K [0x0000000700c00000, 0x0000000800000000)
  region size 2048K, 1 young (2048K), 1 survivors (2048K)
 Metaspace       used 9081K, capacity 9289K, committed 9472K, reserved 1058816K
  class space    used 900K, capacity 960K, committed 1024K, reserved 1048576K
}

Deoptimization events (20 events):
Event: 5.259 Thread 0x000002390fbe41b0 Uncommon trap: trap_request=0xffffffde fr.pc=0x0000023907b2ac70 relative=0x00000000000002b0
Event: 5.259 Thread 0x000002390fbe41b0 Uncommon trap: reason=class_check action=maybe_recompile pc=0x0000023907b2ac70 method=sun.java2d.SunGraphics2D.validateColor()V @ 95 c2
Event: 5.259 Thread 0x000002390fbe41b0 DEOPT PACKING pc=0x0000023907b2ac70 sp=0x00000081721dee00
Event: 5.259 Thread 0x000002390fbe41b0 DEOPT UNPACKING pc=0x000002390004e42f sp=0x00000081721ded38 mode 2
Event: 5.259 Thread 0x000002390fbe41b0 Uncommon trap: trap_request=0xffffffde fr.pc=0x0000023907b9d524 relative=0x0000000000000924
Event: 5.259 Thread 0x000002390fbe41b0 Uncommon trap: reason=class_check action=maybe_recompile pc=0x0000023907b9d524 method=sun.java2d.pipe.ValidatePipe.fillRect(Lsun/java2d/SunGraphics2D;IIII)V @ 19 c2
Event: 5.259 Thread 0x000002390fbe41b0 DEOPT PACKING pc=0x0000023907b9d524 sp=0x00000081721dedc0
Event: 5.259 Thread 0x000002390fbe41b0 DEOPT UNPACKING pc=0x000002390004e42f sp=0x00000081721dece0 mode 2
Event: 5.259 Thread 0x000002390fbe41b0 Uncommon trap: trap_request=0xffffffde fr.pc=0x0000023907b9d524 relative=0x0000000000000924
Event: 5.259 Thread 0x000002390fbe41b0 Uncommon trap: reason=class_check action=maybe_recompile pc=0x0000023907b9d524 method=sun.java2d.pipe.ValidatePipe.fillRect(Lsun/java2d/SunGraphics2D;IIII)V @ 19 c2
Event: 5.259 Thread 0x000002390fbe41b0 DEOPT PACKING pc=0x0000023907b9d524 sp=0x00000081721dece0
Event: 5.259 Thread 0x000002390fbe41b0 DEOPT UNPACKING pc=0x000002390004e42f sp=0x00000081721dec00 mode 2
Event: 6.036 Thread 0x000002390fbe41b0 Uncommon trap: trap_request=0xffffff45 fr.pc=0x0000023907b2ea38 relative=0x0000000000000138
Event: 6.036 Thread 0x000002390fbe41b0 Uncommon trap: reason=unstable_if action=reinterpret pc=0x0000023907b2ea38 method=java.util.concurrent.locks.ReentrantLock$NonfairSync.initialTryLock()Z @ 10 c2
Event: 6.036 Thread 0x000002390fbe41b0 DEOPT PACKING pc=0x0000023907b2ea38 sp=0x00000081721de9c0
Event: 6.036 Thread 0x000002390fbe41b0 DEOPT UNPACKING pc=0x000002390004e42f sp=0x00000081721de968 mode 2
Event: 6.046 Thread 0x000002390fbe41b0 Uncommon trap: trap_request=0xffffff45 fr.pc=0x0000023907bba744 relative=0x0000000000000724
Event: 6.046 Thread 0x000002390fbe41b0 Uncommon trap: reason=unstable_if action=reinterpret pc=0x0000023907bba744 method=java.util.concurrent.locks.ReentrantLock$NonfairSync.initialTryLock()Z @ 10 c2
Event: 6.046 Thread 0x000002390fbe41b0 DEOPT PACKING pc=0x0000023907bba744 sp=0x00000081721de530
Event: 6.046 Thread 0x000002390fbe41b0 DEOPT UNPACKING pc=0x000002390004e42f sp=0x00000081721de300 mode 2

Classes unloaded (0 events):
No events

Classes redefined (0 events):
No events

Internal exceptions (13 events):
Event: 0.058 Thread 0x0000023968970140 Exception <a 'java/lang/NoSuchMethodError'{0x0000000710b33220}: 'void java.lang.invoke.DirectMethodHandle$Holder.invokeSpecial(java.lang.Object, java.lang.Object, java.lang.Object)'> (0x0000000710b33220) 
thrown [./open/src/hotspot/share/interpreter/linkResolver.cpp, line 782]
Event: 0.092 Thread 0x0000023968970140 Exception <a 'java/lang/ClassNotFoundException'{0x0000000710821568}: sun/awt/resources/spi/awtProvider> (0x0000000710821568) 
thrown [./open/src/hotspot/share/classfile/systemDictionary.cpp, line 295]
Event: 0.113 Thread 0x0000023968970140 Exception <a 'java/io/FileNotFoundException'{0x000000071087d328}> (0x000000071087d328) 
thrown [./open/src/hotspot/share/prims/jni.cpp, line 578]
Event: 0.118 Thread 0x0000023968970140 Exception <a 'java/io/FileNotFoundException'{0x00000007108abbc0}> (0x00000007108abbc0) 
thrown [./open/src/hotspot/share/prims/jni.cpp, line 578]
Event: 0.119 Thread 0x0000023968970140 Exception <a 'java/lang/NoSuchMethodError'{0x00000007108acde0}: 'java.lang.Object java.lang.invoke.DirectMethodHandle$Holder.invokeStatic(java.lang.Object)'> (0x00000007108acde0) 
thrown [./open/src/hotspot/share/interpreter/linkResolver.cpp, line 782]
Event: 0.152 Thread 0x0000023968970140 Exception <a 'java/lang/NoSuchMethodError'{0x000000071090f910}: 'java.lang.Object java.lang.invoke.DirectMethodHandle$Holder.invokeStaticInit(java.lang.Object)'> (0x000000071090f910) 
thrown [./open/src/hotspot/share/interpreter/linkResolver.cpp, line 782]
Event: 0.367 Thread 0x0000023968970140 Exception <a 'java/lang/NoSuchMethodError'{0x000000071094c3d8}: 'void java.lang.invoke.DirectMethodHandle$Holder.invokeStaticInit(java.lang.Object)'> (0x000000071094c3d8) 
thrown [./open/src/hotspot/share/interpreter/linkResolver.cpp, line 782]
Event: 0.477 Thread 0x00000239162ee200 Exception <a 'java/lang/NoSuchMethodError'{0x00000007106b7460}: 'void java.lang.invoke.DirectMethodHandle$Holder.invokeStatic(java.lang.Object, java.lang.Object)'> (0x00000007106b7460) 
thrown [./open/src/hotspot/share/interpreter/linkResolver.cpp, line 782]
Event: 0.478 Thread 0x00000239162ee200 Exception <a 'java/lang/NoSuchMethodError'{0x00000007106bae68}: 'void java.lang.invoke.DirectMethodHandle$Holder.invokeStaticInit(java.lang.Object, java.lang.Object)'> (0x00000007106bae68) 
thrown [./open/src/hotspot/share/interpreter/linkResolver.cpp, line 782]
Event: 0.485 Thread 0x00000239162ee200 Exception <a 'java/lang/NoSuchMethodError'{0x0000000710758f40}: 'java.lang.Object java.lang.invoke.DirectMethodHandle$Holder.invokeStaticInit(java.lang.Object, int, int, int, int)'> (0x0000000710758f40) 
thrown [./open/src/hotspot/share/interpreter/linkResolver.cpp, line 782]
Event: 0.519 Thread 0x00000239162ee200 Exception <a 'java/lang/NoSuchMethodError'{0x000000071043e9c8}: 'java.lang.Object java.lang.invoke.DirectMethodHandle$Holder.invokeStaticInit(java.lang.Object, java.lang.Object, int, int, int, int)'> (0x000000071043e9c8) 
thrown [./open/src/hotspot/share/interpreter/linkResolver.cpp, line 782]
Event: 5.093 Thread 0x000002390f41b500 Exception <a 'java/lang/NoSuchMethodError'{0x0000000728f34290}: 'void java.lang.invoke.DirectMethodHandle$Holder.invokeVirtual(java.lang.Object, java.lang.Object)'> (0x0000000728f34290) 
thrown [./open/src/hotspot/share/interpreter/linkResolver.cpp, line 782]
Event: 5.104 Thread 0x000002390fbe41b0 Implicit null exception at 0x0000023907b51693 to 0x0000023907b53590

Events (20 events):
Event: 2.543 Loaded shared library C:\Program Files\Java\jdk-15.0.1\bin\java.dll
Event: 3.444 Thread 0x0000023939431f10 Thread exited: 0x0000023939431f10
Event: 3.444 Thread 0x0000023916e52600 Thread exited: 0x0000023916e52600
Event: 5.156 Executing VM operation: HandshakeAllThreads
Event: 5.156 Executing VM operation: HandshakeAllThreads done
Event: 5.294 Thread 0x000002393f299f40 Thread added: 0x000002393f299f40
Event: 5.680 Thread 0x000002393f299f40 Thread exited: 0x000002393f299f40
Event: 5.683 Thread 0x000002393f299f40 Thread added: 0x000002393f299f40
Event: 6.090 Thread 0x000002393f299f40 Thread exited: 0x000002393f299f40
Event: 7.119 Thread 0x000002390f72a860 Thread added: 0x000002390f72a860
Event: 7.119 Thread 0x000002390f729ec0 Thread added: 0x000002390f729ec0
Event: 7.119 Thread 0x000002390f72b200 Thread added: 0x000002390f72b200
Event: 7.119 Thread 0x000002390f72a860 Thread exited: 0x000002390f72a860
Event: 7.119 loading class java/util/WeakHashMap$KeyIterator
Event: 7.119 loading class java/util/WeakHashMap$HashIterator
Event: 7.119 loading class java/util/WeakHashMap$HashIterator done
Event: 7.119 loading class java/util/WeakHashMap$KeyIterator done
Event: 7.119 Thread 0x000002390f72b200 Thread exited: 0x000002390f72b200
Event: 7.171 Executing VM operation: HandshakeAllThreads
Event: 7.172 Executing VM operation: HandshakeAllThreads done


Dynamic libraries:
0x00007ff6dcac0000 - 0x00007ff6dcacf000 	C:\Program Files\Java\jdk-15.0.1\bin\javaw.exe
0x00007ffd182d0000 - 0x00007ffd184c6000 	C:\Windows\SYSTEM32\ntdll.dll
0x00007ffd17f70000 - 0x00007ffd1802d000 	C:\Windows\System32\KERNEL32.DLL
0x00007ffd16030000 - 0x00007ffd162f9000 	C:\Windows\System32\KERNELBASE.dll
0x00007ffd15b80000 - 0x00007ffd15c80000 	C:\Windows\System32\ucrtbase.dll
0x00007ffd0f950000 - 0x00007ffd0f968000 	C:\Program Files\Java\jdk-15.0.1\bin\jli.dll
0x00007ffd108c0000 - 0x00007ffd108d9000 	C:\Program Files\Java\jdk-15.0.1\bin\VCRUNTIME140.dll
0x00007ffd17430000 - 0x00007ffd174dc000 	C:\Windows\System32\ADVAPI32.dll
0x00007ffd17950000 - 0x00007ffd179ee000 	C:\Windows\System32\msvcrt.dll
0x00007ffd179f0000 - 0x00007ffd17a8c000 	C:\Windows\System32\sechost.dll
0x00007ffd163a0000 - 0x00007ffd164cb000 	C:\Windows\System32\RPCRT4.dll
0x00007ffd18030000 - 0x00007ffd181d0000 	C:\Windows\System32\USER32.dll
0x00007ffd16000000 - 0x00007ffd16022000 	C:\Windows\System32\win32u.dll
0x00007ffd084d0000 - 0x00007ffd0876b000 	C:\Windows\WinSxS\amd64_microsoft.windows.common-controls_6595b64144ccf1df_6.0.19041.488_none_ca04af081b815d21\COMCTL32.dll
0x00007ffd16830000 - 0x00007ffd1685a000 	C:\Windows\System32\GDI32.dll
0x00007ffd15a70000 - 0x00007ffd15b79000 	C:\Windows\System32\gdi32full.dll
0x00007ffd15c80000 - 0x00007ffd15d1d000 	C:\Windows\System32\msvcp_win.dll
0x00007ffd0d9e0000 - 0x00007ffd0d9ea000 	C:\Windows\SYSTEM32\VERSION.dll
0x00007ffd16970000 - 0x00007ffd169a0000 	C:\Windows\System32\IMM32.DLL
0x00007ffd0e9e0000 - 0x00007ffd0e9ec000 	C:\Program Files\Java\jdk-15.0.1\bin\vcruntime140_1.dll
0x00007ffd05020000 - 0x00007ffd050b1000 	C:\Program Files\Java\jdk-15.0.1\bin\msvcp140.dll
0x00007ffcb6680000 - 0x00007ffcb71de000 	C:\Program Files\Java\jdk-15.0.1\bin\server\jvm.dll
0x00007ffd17bd0000 - 0x00007ffd17bd8000 	C:\Windows\System32\PSAPI.DLL
0x00007ffd05520000 - 0x00007ffd05529000 	C:\Windows\SYSTEM32\WSOCK32.dll
0x00007ffd09ad0000 - 0x00007ffd09af7000 	C:\Windows\SYSTEM32\WINMM.dll
0x00007ffd173c0000 - 0x00007ffd1742b000 	C:\Windows\System32\WS2_32.dll
0x00007ffd13980000 - 0x00007ffd13992000 	C:\Windows\SYSTEM32\kernel.appcore.dll
0x00007ffd0e4e0000 - 0x00007ffd0e4ea000 	C:\Program Files\Java\jdk-15.0.1\bin\jimage.dll
0x00007ffd05330000 - 0x00007ffd05514000 	C:\Windows\SYSTEM32\DBGHELP.DLL
0x00007ffd05300000 - 0x00007ffd0532c000 	C:\Windows\SYSTEM32\dbgcore.DLL
0x00007ffd15f80000 - 0x00007ffd16000000 	C:\Windows\System32\bcryptPrimitives.dll
0x00007ffd0e4b0000 - 0x00007ffd0e4d5000 	C:\Program Files\Java\jdk-15.0.1\bin\java.dll
0x00007ffd16ba0000 - 0x00007ffd172e2000 	C:\Windows\System32\SHELL32.dll
0x00007ffd13b80000 - 0x00007ffd14315000 	C:\Windows\SYSTEM32\windows.storage.dll
0x00007ffd164d0000 - 0x00007ffd16826000 	C:\Windows\System32\combase.dll
0x00007ffd15480000 - 0x00007ffd154ac000 	C:\Windows\SYSTEM32\Wldp.dll
0x00007ffd17be0000 - 0x00007ffd17c8e000 	C:\Windows\System32\SHCORE.dll
0x00007ffd16910000 - 0x00007ffd16965000 	C:\Windows\System32\shlwapi.dll
0x00007ffd15940000 - 0x00007ffd15966000 	C:\Windows\SYSTEM32\profapi.dll
0x00007ffd0e490000 - 0x00007ffd0e4a9000 	C:\Program Files\Java\jdk-15.0.1\bin\net.dll
0x00007ffd0fc70000 - 0x00007ffd0fd70000 	C:\Windows\SYSTEM32\WINHTTP.dll
0x00007ffd15200000 - 0x00007ffd1526a000 	C:\Windows\system32\mswsock.dll
0x00007ffd06160000 - 0x00007ffd06172000 	C:\Program Files\Java\jdk-15.0.1\bin\nio.dll
0x00007ffd05000000 - 0x00007ffd05018000 	C:\Program Files\Java\jdk-15.0.1\bin\zip.dll
0x00007ffc92420000 - 0x00007ffc925a0000 	C:\Program Files\Java\jdk-15.0.1\bin\awt.dll
0x00007ffd172f0000 - 0x00007ffd173bd000 	C:\Windows\System32\OLEAUT32.dll
0x00007ffd132f0000 - 0x00007ffd13380000 	C:\Windows\SYSTEM32\apphelp.dll
0x00007ffd135c0000 - 0x00007ffd135ef000 	C:\Windows\system32\DWMAPI.DLL
0x00007ffd13440000 - 0x00007ffd134de000 	C:\Windows\system32\uxtheme.dll
0x00007ffc922f0000 - 0x00007ffc92415000 	C:\Windows\system32\opengl32.dll
0x00007ffcf32f0000 - 0x00007ffcf331c000 	C:\Windows\SYSTEM32\GLU32.dll
0x00007ffd16a80000 - 0x00007ffd16b96000 	C:\Windows\System32\MSCTF.dll
0x00007ffd17a90000 - 0x00007ffd17bba000 	C:\Windows\System32\ole32.dll
0x00007ffd09f50000 - 0x00007ffd0a11f000 	C:\Windows\system32\d3d9.dll
0x00007ffd0af40000 - 0x00007ffd0b045000 	C:\Windows\System32\DriverStore\FileRepository\nv_dispi.inf_amd64_a51067c0ac557884\nvldumdx.dll
0x00007ffd15600000 - 0x00007ffd15612000 	C:\Windows\SYSTEM32\msasn1.dll
0x00007ffd0d980000 - 0x00007ffd0d9b1000 	C:\Windows\SYSTEM32\cryptnet.dll
0x00007ffd15e20000 - 0x00007ffd15f7d000 	C:\Windows\System32\CRYPT32.dll
0x00007ffd153d0000 - 0x00007ffd153dc000 	C:\Windows\SYSTEM32\cryptbase.dll
0x00007ffd15a10000 - 0x00007ffd15a70000 	C:\Windows\System32\WINTRUST.DLL
0x00007ffd17c90000 - 0x00007ffd17cad000 	C:\Windows\System32\imagehlp.dll
0x00007ffd153e0000 - 0x00007ffd153f8000 	C:\Windows\SYSTEM32\CRYPTSP.dll
0x00007ffd14b20000 - 0x00007ffd14b54000 	C:\Windows\system32\rsaenh.dll
0x00007ffd16300000 - 0x00007ffd16327000 	C:\Windows\System32\bcrypt.dll
0x00007ffc8e330000 - 0x00007ffc8ff77000 	C:\Windows\System32\DriverStore\FileRepository\nv_dispi.inf_amd64_a51067c0ac557884\nvd3dumx.dll
0x00007ffcddb60000 - 0x00007ffcdde19000 	C:\Windows\system32\nvspcap64.dll
0x00007ffd14750000 - 0x00007ffd14783000 	C:\Windows\SYSTEM32\ntmarta.dll
0x00007ffd14330000 - 0x00007ffd14353000 	C:\Windows\SYSTEM32\gpapi.dll
0x00007ffd0b0e0000 - 0x00007ffd0b11b000 	C:\Windows\SYSTEM32\dxcore.dll
0x00007ffd15dd0000 - 0x00007ffd15e1e000 	C:\Windows\System32\cfgmgr32.dll
0x00007ffcc49f0000 - 0x00007ffcc4a75000 	C:\Program Files\Java\jdk-15.0.1\bin\freetype.dll
0x00007ffcac770000 - 0x00007ffcac819000 	C:\Program Files\Java\jdk-15.0.1\bin\fontmanager.dll
0x00007ffd04850000 - 0x00007ffd0494d000 	C:\Windows\SYSTEM32\textinputframework.dll
0x00007ffd12c80000 - 0x00007ffd12fde000 	C:\Windows\System32\CoreUIComponents.dll
0x00007ffd12fe0000 - 0x00007ffd130d2000 	C:\Windows\System32\CoreMessaging.dll
0x00007ffd117d0000 - 0x00007ffd11926000 	C:\Windows\SYSTEM32\wintypes.dll
0x00007ffd15900000 - 0x00007ffd1592e000 	C:\Windows\SYSTEM32\USERENV.dll
0x00007ffd14ea0000 - 0x00007ffd14edb000 	C:\Windows\SYSTEM32\IPHLPAPI.DLL
0x00007ffd16330000 - 0x00007ffd16338000 	C:\Windows\System32\NSI.dll
0x00007ffd0e190000 - 0x00007ffd0e1a7000 	C:\Windows\SYSTEM32\dhcpcsvc6.DLL
0x00007ffd0e170000 - 0x00007ffd0e18d000 	C:\Windows\SYSTEM32\dhcpcsvc.DLL
0x00007ffd14ee0000 - 0x00007ffd14fab000 	C:\Windows\SYSTEM32\DNSAPI.dll

dbghelp: loaded successfully - version: 4.0.5 - missing functions: none
symbol engine: initialized successfully - sym options: 0x614 - pdb path: .;C:\Program Files\Java\jdk-15.0.1\bin;C:\Windows\SYSTEM32;C:\Windows\WinSxS\amd64_microsoft.windows.common-controls_6595b64144ccf1df_6.0.19041.488_none_ca04af081b815d21;C:\Program Files\Java\jdk-15.0.1\bin\server;C:\Windows\System32\DriverStore\FileRepository\nv_dispi.inf_amd64_a51067c0ac557884

VM Arguments:
jvm_args: -Dfile.encoding=Cp1252 -XX:+ShowCodeDetailsInExceptionMessages 
java_command: main.Main
java_class_path (initial): C:\Users\thomg\git\jmpnrn\99_Jmpnrn\bin;C:\Users\thomg\.p2\pool\plugins\org.junit.jupiter.api_5.7.0.v20201026-1537.jar;C:\Users\thomg\.p2\pool\plugins\org.junit.jupiter.engine_5.7.0.v20201026-1537.jar;C:\Users\thomg\.p2\pool\plugins\org.junit.jupiter.migrationsupport_5.7.0.v20201026-1537.jar;C:\Users\thomg\.p2\pool\plugins\org.junit.jupiter.params_5.7.0.v20201026-1537.jar;C:\Users\thomg\.p2\pool\plugins\org.junit.platform.commons_1.7.0.v20201026-1537.jar;C:\Users\thomg\.p2\pool\plugins\org.junit.platform.engine_1.7.0.v20201026-1537.jar;C:\Users\thomg\.p2\pool\plugins\org.junit.platform.launcher_1.7.0.v20201026-1537.jar;C:\Users\thomg\.p2\pool\plugins\org.junit.platform.runner_1.7.0.v20201026-1537.jar;C:\Users\thomg\.p2\pool\plugins\org.junit.platform.suite.api_1.7.0.v20201026-1537.jar;C:\Users\thomg\.p2\pool\plugins\org.junit.vintage.engine_5.7.0.v20201026-1537.jar;C:\Users\thomg\.p2\pool\plugins\org.opentest4j_1.2.0.v20190826-0900.jar;C:\Users\thomg\.p2\pool\plugins\org.apiguardian_1.1.0.v20190826-0900.jar;C:\Users\thomg\.p2\pool\plugins\org.junit_4.13.0.v20200204-1500.jar;C:\Users\thomg\.p2\pool\plugins\org.hamcrest.core_1.3.0.v20180420-1519.jar;C:\Users\thomg\git\jmpnrn\99_Jmpnrn\lib\sqlite-jdbc-3.32.3.2.jar;C:\Users\thomg\git\jmpnrn\99_Jmpnrn\lib\gson-2.8.6.jar
Launcher Type: SUN_STANDARD

[Global flags]
     intx CICompilerCount                          = 4                                         {product} {ergonomic}
     uint ConcGCThreads                            = 3                                         {product} {ergonomic}
     uint G1ConcRefinementThreads                  = 10                                        {product} {ergonomic}
   size_t G1HeapRegionSize                         = 2097152                                   {product} {ergonomic}
    uintx GCDrainStackTargetSize                   = 64                                        {product} {ergonomic}
   size_t InitialHeapSize                          = 268435456                                 {product} {ergonomic}
   size_t MarkStackSize                            = 4194304                                   {product} {ergonomic}
   size_t MaxHeapSize                              = 4282384384                                {product} {ergonomic}
   size_t MaxNewSize                               = 2569011200                                {product} {ergonomic}
   size_t MinHeapDeltaBytes                        = 2097152                                   {product} {ergonomic}
   size_t MinHeapSize                              = 8388608                                   {product} {ergonomic}
    uintx NonNMethodCodeHeapSize                   = 5839372                                {pd product} {ergonomic}
    uintx NonProfiledCodeHeapSize                  = 122909434                              {pd product} {ergonomic}
    uintx ProfiledCodeHeapSize                     = 122909434                              {pd product} {ergonomic}
    uintx ReservedCodeCacheSize                    = 251658240                              {pd product} {ergonomic}
     bool SegmentedCodeCache                       = true                                      {product} {ergonomic}
     bool ShowCodeDetailsInExceptionMessages       = true                                   {manageable} {command line}
   size_t SoftMaxHeapSize                          = 4282384384                             {manageable} {ergonomic}
     bool UseCompressedClassPointers               = true                                 {lp64_product} {ergonomic}
     bool UseCompressedOops                        = true                                 {lp64_product} {ergonomic}
     bool UseG1GC                                  = true                                      {product} {ergonomic}
     bool UseLargePagesIndividualAllocation        = false                                  {pd product} {ergonomic}

Logging:
Log output configuration:
 #0: stdout all=warning uptime,level,tags
 #1: stderr all=off uptime,level,tags

Environment Variables:
PATH=C:\Program Files\Common Files\Oracle\Java\javapath;C:\Windows\system32;C:\Windows;C:\Windows\System32\Wbem;C:\Windows\System32\WindowsPowerShell\v1.0\;C:\Windows\System32\OpenSSH\;C:\Program Files (x86)\NVIDIA Corporation\PhysX\Common;C:\Program Files\NVIDIA Corporation\NVIDIA NvDLISR;C:\Program Files\Java\jdk-15.0.1\bin;C:\Program Files\dotnet\;C:\Users\thomg\AppData\Local\Microsoft\WindowsApps;C:\Users\thomg\AppData\Local\Programs\Microsoft VS Code\bin;C:\Users\thomg\.dotnet\tools;C:\Users\thomg\AppData\Local\atom\bin
USERNAME=thomg
OS=Windows_NT
PROCESSOR_IDENTIFIER=AMD64 Family 23 Model 8 Stepping 2, AuthenticAMD



---------------  S Y S T E M  ---------------

OS:
 Windows 10 , 64 bit Build 19041 (10.0.19041.662)
OS uptime: 5 days 8:46 hours

CPU: total 12 (initial active 12) (12 cores per cpu, 2 threads per core) family 23 model 8 stepping 2 microcode 0x0, cmov, cx8, fxsr, mmx, sse, sse2, sse3, ssse3, sse4.1, sse4.2, popcnt, vzeroupper, avx, avx2, aes, clmul, 3dnowpref, lzcnt, sse4a, ht, tsc, tscinvbit, tscinv, bmi1, bmi2, adx, sha, fma, clflush, clflushopt

Memory: 4k page, system-wide physical 16333M (7210M free)
TotalPageFile size 19277M (AvailPageFile size 2896M)
current process WorkingSet (physical memory assigned to process): 703M, peak: 944M
current process commit charge ("private bytes"): 992M, peak: 1536M

vm_info: Java HotSpot(TM) 64-Bit Server VM (15.0.1+9-18) for windows-amd64 JRE (15.0.1+9-18), built on Sep 15 2020 14:43:54 by "mach5one" with unknown MS VC++:1925

END.
